[     503ms] [ERROR] Failed to load resource: the server responded with a status of 500 (Internal Server Error) @ http://localhost:3000/:0
[     710ms] [INFO] %cDownload the React DevTools for a better development experience: https://react.dev/link/react-devtools font-weight:bold @ http://localhost:3000/_next/static/chunks/node_modules_react-dom_0kla17-._.js:15305
[     782ms] Error: Your project's URL and Key are required to create a Supabase client!

Check your Supabase project's API settings to find these values

https://supabase.com/dashboard/project/_/settings/api
    at <unknown> (https://supabase.com/dashboard/project/_/settings/api)
    at <unknown> (https://supabase.com/dashboard/project/_/settings/api)
    at createServerClient (file://C:\Users\stani\Desktop\projects\domek-nad-dolina\.next\dev\server\edge\chunks\node_modules_1in2swk._.js:10566:15)
    at updateSession (file://C:\Users\stani\Desktop\projects\domek-nad-dolina\.next\dev\server\edge\chunks\[root-of-the-server]__0nobw8c._.js:33:226)
    at middleware (file://C:\Users\stani\Desktop\projects\domek-nad-dolina\.next\dev\server\edge\chunks\[root-of-the-server]__0nobw8c._.js:77:173)
    at <unknown> (file://C:\Users\stani\Desktop\projects\domek-nad-dolina\.next\dev\server\edge\chunks\node_modules_next_dist_0d6nttc._.js:19107:26)
    at AsyncLocalStorage.run (node:internal/async_local_storage/async_hooks:91:14)
    at <unknown> (file://C:\Users\stani\Desktop\projects\domek-nad-dolina\.next\dev\server\edge\chunks\node_modules_next_dist_0d6nttc._.js:7853:655)
    at AsyncLocalStorage.run (node:internal/async_local_storage/async_hooks:91:14)
    at <unknown> (file://C:\Users\stani\Desktop\projects\domek-nad-dolina\.next\dev\server\edge\chunks\node_modules_next_dist_0d6nttc._.js:7853:325)
    at async adapter (file://C:\Users\stani\Desktop\projects\domek-nad-dolina\.next\dev\server\edge\chunks\node_modules_next_dist_0d6nttc._.js:7807:16)
    at async (file://C:\Users\stani\Desktop\projects\domek-nad-dolina\node_modules\next\dist\server\web\sandbox\sandbox.js:115:26)
[     772ms] [LOG] [HMR] connected @ http://localhost:3000/_next/static/chunks/node_modules_next_dist_1gdrd03._.js:1226
[   18834ms] [LOG] [Fast Refresh] rebuilding @ http://localhost:3000/_next/static/chunks/node_modules_next_dist_1gdrd03._.js:1226
[   18887ms] [LOG] [Fast Refresh] done in 19ms @ http://localhost:3000/_next/static/chunks/node_modules_next_dist_1gdrd03._.js:1226
[   19000ms] [LOG] [Fast Refresh] rebuilding @ http://localhost:3000/_next/static/chunks/node_modules_next_dist_1gdrd03._.js:1226
[   19875ms] [LOG] [Fast Refresh] done in 986ms @ http://localhost:3000/_next/static/chunks/node_modules_next_dist_1gdrd03._.js:1226
[   20222ms] [INFO] %cDownload the React DevTools for a better development experience: https://react.dev/link/react-devtools font-weight:bold @ http://localhost:3000/_next/static/chunks/node_modules_next_dist_1ybzpk2._.js:2477
[   20302ms] [LOG] [HMR] connected @ http://localhost:3000/_next/static/chunks/node_modules_next_dist_1ybzpk2._.js:2477
