[    1264ms] [INFO] %cDownload the React DevTools for a better development experience: https://react.dev/link/react-devtools font-weight:bold @ http://localhost:3000/_next/static/chunks/node_modules_next_dist_1ybzpk2._.js:2477
[    1409ms] [LOG] [HMR] connected @ http://localhost:3000/_next/static/chunks/node_modules_next_dist_1ybzpk2._.js:2477
[    1535ms] [WARNING] Image with src "/images/hero-bg.webp" is using quality "90" which is not configured in images.qualities [75]. Please update your config to [75, 90].
Read more: https://nextjs.org/docs/messages/next-image-unconfigured-qualities @ http://localhost:3000/_next/static/chunks/node_modules_next_dist_1ybzpk2._.js:2477
[    1917ms] [LOG] [Fast Refresh] rebuilding @ http://localhost:3000/_next/static/chunks/node_modules_next_dist_1ybzpk2._.js:2477
[    1981ms] [LOG] [Fast Refresh] done in 166ms @ http://localhost:3000/_next/static/chunks/node_modules_next_dist_1ybzpk2._.js:2477
[   13464ms] [LOG] [Fast Refresh] rebuilding @ http://localhost:3000/_next/static/chunks/node_modules_next_dist_1ybzpk2._.js:2477
[   13477ms] [LOG] [Fast Refresh] done in 129ms @ http://localhost:3000/_next/static/chunks/node_modules_next_dist_1ybzpk2._.js:2477
[  551759ms] [LOG] [Fast Refresh] rebuilding @ http://localhost:3000/_next/static/chunks/node_modules_next_dist_1ybzpk2._.js:2477
[  552416ms] [LOG] [Fast Refresh] done in 489ms @ http://localhost:3000/_next/static/chunks/node_modules_next_dist_1ybzpk2._.js:2477
[  557035ms] [LOG] [Fast Refresh] rebuilding @ http://localhost:3000/_next/static/chunks/node_modules_next_dist_1ybzpk2._.js:2477
[  557353ms] [LOG] [Fast Refresh] done in 423ms @ http://localhost:3000/_next/static/chunks/node_modules_next_dist_1ybzpk2._.js:2477
[  593296ms] [LOG] [Fast Refresh] rebuilding @ http://localhost:3000/_next/static/chunks/node_modules_next_dist_1ybzpk2._.js:2477
[  593981ms] [LOG] [Fast Refresh] done in 783ms @ http://localhost:3000/_next/static/chunks/node_modules_next_dist_1ybzpk2._.js:2477
[  594084ms] [LOG] [Fast Refresh] rebuilding @ http://localhost:3000/_next/static/chunks/node_modules_next_dist_1ybzpk2._.js:2477
[  594207ms] [LOG] [Fast Refresh] done in 224ms @ http://localhost:3000/_next/static/chunks/node_modules_next_dist_1ybzpk2._.js:2477
[  594314ms] [LOG] [Fast Refresh] rebuilding @ http://localhost:3000/_next/static/chunks/node_modules_next_dist_1ybzpk2._.js:2477
[  594435ms] [LOG] [Fast Refresh] done in 222ms @ http://localhost:3000/_next/static/chunks/node_modules_next_dist_1ybzpk2._.js:2477
[  594629ms] [LOG] [Fast Refresh] rebuilding @ http://localhost:3000/_next/static/chunks/node_modules_next_dist_1ybzpk2._.js:2477
[  594868ms] [LOG] [Fast Refresh] done in 340ms @ http://localhost:3000/_next/static/chunks/node_modules_next_dist_1ybzpk2._.js:2477
[  595505ms] [LOG] [Fast Refresh] rebuilding @ http://localhost:3000/_next/static/chunks/node_modules_next_dist_1ybzpk2._.js:2477
[  595533ms] [LOG] [Fast Refresh] done in 130ms @ http://localhost:3000/_next/static/chunks/node_modules_next_dist_1ybzpk2._.js:2477
[  595639ms] [LOG] [Fast Refresh] rebuilding @ http://localhost:3000/_next/static/chunks/node_modules_next_dist_1ybzpk2._.js:2477
[  595666ms] [LOG] [Fast Refresh] done in 130ms @ http://localhost:3000/_next/static/chunks/node_modules_next_dist_1ybzpk2._.js:2477
[  607476ms] [LOG] [Fast Refresh] rebuilding @ http://localhost:3000/_next/static/chunks/node_modules_next_dist_1ybzpk2._.js:2477
[  607495ms] [LOG] [Fast Refresh] done in 121ms @ http://localhost:3000/_next/static/chunks/node_modules_next_dist_1ybzpk2._.js:2477
[  738233ms] [LOG] [Fast Refresh] rebuilding @ http://localhost:3000/_next/static/chunks/node_modules_next_dist_1ybzpk2._.js:2477
[  738308ms] [LOG] [Fast Refresh] done in 53ms @ http://localhost:3000/_next/static/chunks/node_modules_next_dist_1ybzpk2._.js:2477
[  743075ms] [LOG] [Fast Refresh] rebuilding @ http://localhost:3000/_next/static/chunks/node_modules_next_dist_1ybzpk2._.js:2477
[  743152ms] [LOG] [Fast Refresh] done in 61ms @ http://localhost:3000/_next/static/chunks/node_modules_next_dist_1ybzpk2._.js:2477
[  839497ms] [LOG] [Fast Refresh] rebuilding @ http://localhost:3000/_next/static/chunks/node_modules_next_dist_1ybzpk2._.js:2477
[  839555ms] [LOG] [Fast Refresh] done in 163ms @ http://localhost:3000/_next/static/chunks/node_modules_next_dist_1ybzpk2._.js:2477
[  849234ms] [LOG] [Fast Refresh] rebuilding @ http://localhost:3000/_next/static/chunks/node_modules_next_dist_1ybzpk2._.js:2477
[  849296ms] [LOG] [Fast Refresh] done in 164ms @ http://localhost:3000/_next/static/chunks/node_modules_next_dist_1ybzpk2._.js:2477
[  854162ms] [LOG] [Fast Refresh] rebuilding @ http://localhost:3000/_next/static/chunks/node_modules_next_dist_1ybzpk2._.js:2477
[  854354ms] [LOG] [Fast Refresh] done in 292ms @ http://localhost:3000/_next/static/chunks/node_modules_next_dist_1ybzpk2._.js:2477
[  854465ms] [LOG] [Fast Refresh] rebuilding @ http://localhost:3000/_next/static/chunks/node_modules_next_dist_1ybzpk2._.js:2477
[  854883ms] [LOG] [Fast Refresh] done in 519ms @ http://localhost:3000/_next/static/chunks/node_modules_next_dist_1ybzpk2._.js:2477
[  854986ms] [LOG] [Fast Refresh] rebuilding @ http://localhost:3000/_next/static/chunks/node_modules_next_dist_1ybzpk2._.js:2477
[  855047ms] [LOG] [Fast Refresh] done in 162ms @ http://localhost:3000/_next/static/chunks/node_modules_next_dist_1ybzpk2._.js:2477
[ 1136068ms] [LOG] [Fast Refresh] rebuilding @ http://localhost:3000/_next/static/chunks/node_modules_next_dist_1ybzpk2._.js:2477
[ 1136360ms] [LOG] [Fast Refresh] done in 146ms @ http://localhost:3000/_next/static/chunks/node_modules_next_dist_1ybzpk2._.js:2477
[ 1153004ms] [LOG] [Fast Refresh] rebuilding @ http://localhost:3000/_next/static/chunks/node_modules_next_dist_1ybzpk2._.js:2477
[ 1153062ms] [LOG] [Fast Refresh] done in 159ms @ http://localhost:3000/_next/static/chunks/node_modules_next_dist_1ybzpk2._.js:2477
[ 1326002ms] [LOG] [Fast Refresh] rebuilding @ http://localhost:3000/_next/static/chunks/node_modules_next_dist_1ybzpk2._.js:2477
[ 1326064ms] [LOG] [Fast Refresh] done in 139ms @ http://localhost:3000/_next/static/chunks/node_modules_next_dist_1ybzpk2._.js:2477
[ 1332811ms] [LOG] [Fast Refresh] rebuilding @ http://localhost:3000/_next/static/chunks/node_modules_next_dist_1ybzpk2._.js:2477
[ 1333026ms] [LOG] [Fast Refresh] done in 299ms @ http://localhost:3000/_next/static/chunks/node_modules_next_dist_1ybzpk2._.js:2477
[ 1338237ms] [LOG] [Fast Refresh] rebuilding @ http://localhost:3000/_next/static/chunks/node_modules_next_dist_1ybzpk2._.js:2477
[ 1338840ms] [LOG] [Fast Refresh] done in 198ms @ http://localhost:3000/_next/static/chunks/node_modules_next_dist_1ybzpk2._.js:2477
[ 1344476ms] [LOG] [Fast Refresh] rebuilding @ http://localhost:3000/_next/static/chunks/node_modules_next_dist_1ybzpk2._.js:2477
[ 1344906ms] [LOG] [Fast Refresh] done in 531ms @ http://localhost:3000/_next/static/chunks/node_modules_next_dist_1ybzpk2._.js:2477
[ 1546442ms] [LOG] [Fast Refresh] rebuilding @ http://localhost:3000/_next/static/chunks/node_modules_next_dist_1ybzpk2._.js:2477
[ 1546806ms] [LOG] [Fast Refresh] done in 464ms @ http://localhost:3000/_next/static/chunks/node_modules_next_dist_1ybzpk2._.js:2477
[ 1550711ms] [LOG] [Fast Refresh] rebuilding @ http://localhost:3000/_next/static/chunks/node_modules_next_dist_1ybzpk2._.js:2477
[ 1550947ms] [LOG] [Fast Refresh] done in 103ms @ http://localhost:3000/_next/static/chunks/node_modules_next_dist_1ybzpk2._.js:2477
[ 1551129ms] [LOG] [Fast Refresh] rebuilding @ http://localhost:3000/_next/static/chunks/node_modules_next_dist_1ybzpk2._.js:2477
[ 1551182ms] [LOG] [Fast Refresh] done in 164ms @ http://localhost:3000/_next/static/chunks/node_modules_next_dist_1ybzpk2._.js:2477
[ 1551462ms] [LOG] [Fast Refresh] rebuilding @ http://localhost:3000/_next/static/chunks/node_modules_next_dist_1ybzpk2._.js:2477
[ 1551464ms] [LOG] [Fast Refresh] done in 106ms @ http://localhost:3000/_next/static/chunks/node_modules_next_dist_1ybzpk2._.js:2477
[ 1551944ms] [LOG] [Fast Refresh] rebuilding @ http://localhost:3000/_next/static/chunks/node_modules_next_dist_1ybzpk2._.js:2477
[ 1551993ms] [LOG] [Fast Refresh] done in 268ms @ http://localhost:3000/_next/static/chunks/node_modules_next_dist_1ybzpk2._.js:2477
[ 1552104ms] [LOG] [Fast Refresh] rebuilding @ http://localhost:3000/_next/static/chunks/node_modules_next_dist_1ybzpk2._.js:2477
[ 1552155ms] [LOG] [Fast Refresh] done in 159ms @ http://localhost:3000/_next/static/chunks/node_modules_next_dist_1ybzpk2._.js:2477
[ 1552959ms] [LOG] [Fast Refresh] rebuilding @ http://localhost:3000/_next/static/chunks/node_modules_next_dist_1ybzpk2._.js:2477
[ 1553344ms] [LOG] [Fast Refresh] done in 138ms @ http://localhost:3000/_next/static/chunks/node_modules_next_dist_1ybzpk2._.js:2477
[ 1669064ms] [LOG] [Fast Refresh] rebuilding @ http://localhost:3000/_next/static/chunks/node_modules_next_dist_1ybzpk2._.js:2477
[ 1669177ms] [LOG] [Fast Refresh] done in 107ms @ http://localhost:3000/_next/static/chunks/node_modules_next_dist_1ybzpk2._.js:2477
[ 2132681ms] [LOG] [Fast Refresh] rebuilding @ http://localhost:3000/_next/static/chunks/node_modules_next_dist_1ybzpk2._.js:2477
[ 2133140ms] [LOG] [Fast Refresh] done in 81ms @ http://localhost:3000/_next/static/chunks/node_modules_next_dist_1ybzpk2._.js:2477
[ 2135237ms] [LOG] [Fast Refresh] rebuilding @ http://localhost:3000/_next/static/chunks/node_modules_next_dist_1ybzpk2._.js:2477
[ 2135516ms] [LOG] [Fast Refresh] done in 314ms @ http://localhost:3000/_next/static/chunks/node_modules_next_dist_1ybzpk2._.js:2477
[ 2136441ms] [WARNING] Image with src "/logos/logo-poziome.webp" has either width or height modified, but not the other. If you use CSS to change the size of your image, also include the styles 'width: "auto"' or 'height: "auto"' to maintain the aspect ratio. @ http://localhost:3000/_next/static/chunks/node_modules_next_dist_1ybzpk2._.js:2477
[ 2293599ms] [LOG] [Fast Refresh] rebuilding @ http://localhost:3000/_next/static/chunks/node_modules_next_dist_1ybzpk2._.js:2477
[ 2293769ms] [LOG] [Fast Refresh] done in 123ms @ http://localhost:3000/_next/static/chunks/node_modules_next_dist_1ybzpk2._.js:2477
[ 2332124ms] [LOG] [Fast Refresh] rebuilding @ http://localhost:3000/_next/static/chunks/node_modules_next_dist_1ybzpk2._.js:2477
[ 2332298ms] [LOG] [Fast Refresh] done in 393ms @ http://localhost:3000/_next/static/chunks/node_modules_next_dist_1ybzpk2._.js:2477
[ 2332418ms] [LOG] [Fast Refresh] rebuilding @ http://localhost:3000/_next/static/chunks/node_modules_next_dist_1ybzpk2._.js:2477
[ 2332484ms] [LOG] [Fast Refresh] done in 182ms @ http://localhost:3000/_next/static/chunks/node_modules_next_dist_1ybzpk2._.js:2477
[ 2411355ms] [LOG] [Fast Refresh] rebuilding @ http://localhost:3000/_next/static/chunks/node_modules_next_dist_1ybzpk2._.js:2477
[ 2411457ms] [LOG] [Fast Refresh] done in 214ms @ http://localhost:3000/_next/static/chunks/node_modules_next_dist_1ybzpk2._.js:2477
[ 2411576ms] [LOG] [Fast Refresh] rebuilding @ http://localhost:3000/_next/static/chunks/node_modules_next_dist_1ybzpk2._.js:2477
[ 2411718ms] [LOG] [Fast Refresh] done in 257ms @ http://localhost:3000/_next/static/chunks/node_modules_next_dist_1ybzpk2._.js:2477
[ 2420795ms] [LOG] [Fast Refresh] rebuilding @ http://localhost:3000/_next/static/chunks/node_modules_next_dist_1ybzpk2._.js:2477
[ 2420948ms] [LOG] [Fast Refresh] done in 398ms @ http://localhost:3000/_next/static/chunks/node_modules_next_dist_1ybzpk2._.js:2477
[ 2421065ms] [LOG] [Fast Refresh] rebuilding @ http://localhost:3000/_next/static/chunks/node_modules_next_dist_1ybzpk2._.js:2477
[ 2421178ms] [LOG] [Fast Refresh] done in 226ms @ http://localhost:3000/_next/static/chunks/node_modules_next_dist_1ybzpk2._.js:2477
[ 2675174ms] [LOG] [Fast Refresh] rebuilding @ http://localhost:3000/_next/static/chunks/node_modules_next_dist_1ybzpk2._.js:2477
[ 2675297ms] [LOG] [Fast Refresh] done in 110ms @ http://localhost:3000/_next/static/chunks/node_modules_next_dist_1ybzpk2._.js:2477
[ 2681062ms] [LOG] [Fast Refresh] rebuilding @ http://localhost:3000/_next/static/chunks/node_modules_next_dist_1ybzpk2._.js:2477
[ 2681156ms] [LOG] [Fast Refresh] done in 59ms @ http://localhost:3000/_next/static/chunks/node_modules_next_dist_1ybzpk2._.js:2477
[ 2685506ms] [LOG] [Fast Refresh] rebuilding @ http://localhost:3000/_next/static/chunks/node_modules_next_dist_1ybzpk2._.js:2477
[ 2685618ms] [LOG] [Fast Refresh] done in 105ms @ http://localhost:3000/_next/static/chunks/node_modules_next_dist_1ybzpk2._.js:2477
[ 2689980ms] [LOG] [Fast Refresh] rebuilding @ http://localhost:3000/_next/static/chunks/node_modules_next_dist_1ybzpk2._.js:2477
[ 2690070ms] [LOG] [Fast Refresh] done in 63ms @ http://localhost:3000/_next/static/chunks/node_modules_next_dist_1ybzpk2._.js:2477
[ 2698195ms] [LOG] [Fast Refresh] rebuilding @ http://localhost:3000/_next/static/chunks/node_modules_next_dist_1ybzpk2._.js:2477
[ 2698261ms] [LOG] [Fast Refresh] done in 104ms @ http://localhost:3000/_next/static/chunks/node_modules_next_dist_1ybzpk2._.js:2477
[ 2698393ms] [LOG] [Fast Refresh] rebuilding @ http://localhost:3000/_next/static/chunks/node_modules_next_dist_1ybzpk2._.js:2477
[ 2698519ms] [LOG] [Fast Refresh] done in 243ms @ http://localhost:3000/_next/static/chunks/node_modules_next_dist_1ybzpk2._.js:2477
[ 2703360ms] [LOG] [Fast Refresh] rebuilding @ http://localhost:3000/_next/static/chunks/node_modules_next_dist_1ybzpk2._.js:2477
[ 2703748ms] [LOG] [Fast Refresh] done in 227ms @ http://localhost:3000/_next/static/chunks/node_modules_next_dist_1ybzpk2._.js:2477
[ 2709319ms] [LOG] [Fast Refresh] rebuilding @ http://localhost:3000/_next/static/chunks/node_modules_next_dist_1ybzpk2._.js:2477
[ 2709377ms] [LOG] [Fast Refresh] done in 181ms @ http://localhost:3000/_next/static/chunks/node_modules_next_dist_1ybzpk2._.js:2477
[ 2829879ms] [LOG] [Fast Refresh] rebuilding @ http://localhost:3000/_next/static/chunks/node_modules_next_dist_1ybzpk2._.js:2477
[ 2829907ms] [LOG] [Fast Refresh] done in 18ms @ http://localhost:3000/_next/static/chunks/node_modules_next_dist_1ybzpk2._.js:2477
[ 2830112ms] [WARNING] Image with src "/logos/logo-poziome.png" has either width or height modified, but not the other. If you use CSS to change the size of your image, also include the styles 'width: "auto"' or 'height: "auto"' to maintain the aspect ratio. @ http://localhost:3000/_next/static/chunks/node_modules_next_dist_1ybzpk2._.js:2477
[ 2979358ms] [LOG] [Fast Refresh] rebuilding @ http://localhost:3000/_next/static/chunks/node_modules_next_dist_1ybzpk2._.js:2477
[ 2979472ms] [LOG] [Fast Refresh] done in 71ms @ http://localhost:3000/_next/static/chunks/node_modules_next_dist_1ybzpk2._.js:2477
[ 3018881ms] [LOG] [Fast Refresh] rebuilding @ http://localhost:3000/_next/static/chunks/node_modules_next_dist_1ybzpk2._.js:2477
[ 3019280ms] [ERROR] ./components/landing/Hero.tsx:222:5
Expression expected
  220 |
  221 |     </div>
> 222 |     </section >
      |     ^
  223 |   )
  224 | }
  225 |

Parsing ecmascript source code failed

Import trace:
  Server Component:
    ./components/landing/Hero.tsx
    ./app/page.tsx @ http://localhost:3000/_next/static/chunks/node_modules_next_dist_1ybzpk2._.js:3318
[ 3019281ms] [ERROR] ./components/landing/Hero.tsx:222:6
Unterminated regexp literal
  220 |
  221 |     </div>
> 222 |     </section >
      |      ^^^^^^^^^^
  223 |   )
  224 | }
  225 |

Parsing ecmascript source code failed

Import trace:
  Server Component:
    ./components/landing/Hero.tsx
    ./app/page.tsx @ http://localhost:3000/_next/static/chunks/node_modules_next_dist_1ybzpk2._.js:3318
[ 3019406ms] [ERROR] Failed to load resource: the server responded with a status of 500 (Internal Server Error) @ http://localhost:3000/?_rsc=q3mOO9BClNZHexY7:0
[ 3019413ms] [ERROR] Failed to load resource: the server responded with a status of 500 (Internal Server Error) @ http://localhost:3000/?_rsc=q3mOO9BClNZHexY7:0
[ 3019445ms] [ERROR] ./components/landing/Hero.tsx:222:5
Expression expected
  220 |
  221 |     </div>
> 222 |     </section >
      |     ^
  223 |   )
  224 | }
  225 |

Parsing ecmascript source code failed

Import trace:
  Server Component:
    ./components/landing/Hero.tsx
    ./app/page.tsx @ http://localhost:3000/_next/static/chunks/node_modules_next_dist_1ybzpk2._.js:3318
[ 3019445ms] [ERROR] ./components/landing/Hero.tsx:222:6
Unterminated regexp literal
  220 |
  221 |     </div>
> 222 |     </section >
      |      ^^^^^^^^^^
  223 |   )
  224 | }
  225 |

Parsing ecmascript source code failed

Import trace:
  Server Component:
    ./components/landing/Hero.tsx
    ./app/page.tsx @ http://localhost:3000/_next/static/chunks/node_modules_next_dist_1ybzpk2._.js:3318
[ 3019450ms] [ERROR] ./components/landing/Hero.tsx:222:5
Expression expected
  220 |
  221 |     </div>
> 222 |     </section >
      |     ^
  223 |   )
  224 | }
  225 |

Parsing ecmascript source code failed

Import trace:
  Server Component:
    ./components/landing/Hero.tsx
    ./app/page.tsx @ http://localhost:3000/_next/static/chunks/node_modules_next_dist_1ybzpk2._.js:3318
[ 3019453ms] [ERROR] ./components/landing/Hero.tsx:222:6
Unterminated regexp literal
  220 |
  221 |     </div>
> 222 |     </section >
      |      ^^^^^^^^^^
  223 |   )
  224 | }
  225 |

Parsing ecmascript source code failed

Import trace:
  Server Component:
    ./components/landing/Hero.tsx
    ./app/page.tsx @ http://localhost:3000/_next/static/chunks/node_modules_next_dist_1ybzpk2._.js:3318
[ 3019530ms] [ERROR] ./components/landing/Hero.tsx:222:5
Expression expected
  220 |
  221 |     </div>
> 222 |     </section >
      |     ^
  223 |   )
  224 | }
  225 |

Parsing ecmascript source code failed

Import trace:
  Server Component:
    ./components/landing/Hero.tsx
    ./app/page.tsx @ http://localhost:3000/_next/static/chunks/node_modules_next_dist_1ybzpk2._.js:3318
[ 3019541ms] [ERROR] ./components/landing/Hero.tsx:222:6
Unterminated regexp literal
  220 |
  221 |     </div>
> 222 |     </section >
      |      ^^^^^^^^^^
  223 |   )
  224 | }
  225 |

Parsing ecmascript source code failed

Import trace:
  Server Component:
    ./components/landing/Hero.tsx
    ./app/page.tsx @ http://localhost:3000/_next/static/chunks/node_modules_next_dist_1ybzpk2._.js:3318
[ 3019552ms] [ERROR] Failed to load resource: the server responded with a status of 500 (Internal Server Error) @ http://localhost:3000/:0
[ 3019828ms] [INFO] %cDownload the React DevTools for a better development experience: https://react.dev/link/react-devtools font-weight:bold @ http://localhost:3000/_next/static/chunks/node_modules_react-dom_0kla17-._.js:15305
[ 3020095ms] Error: ./components/landing/Hero.tsx:222:5
Expression expected
  220 |
  221 |     </div>
> 222 |     </section >
      |     ^
  223 |   )
  224 | }
  225 |

Parsing ecmascript source code failed

Import trace:
  Server Component:
    ./components/landing/Hero.tsx
    ./app/page.tsx


    at <unknown> (Error: ./components/landing/Hero.tsx:222:5)
    at Object.getCompilationErrors (file://C:\Users\stani\Desktop\projects\domek-nad-dolina\node_modules\next\dist\server\dev\hot-reloader-turbopack.js:1186:59)
    at DevBundlerService.getCompilationError (file://C:\Users\stani\Desktop\projects\domek-nad-dolina\node_modules\next\dist\server\lib\dev-bundler-service.js:44:55)
    at DevServer.getCompilationError (file://C:\Users\stani\Desktop\projects\domek-nad-dolina\node_modules\next\dist\server\dev\next-dev-server.js:720:42)
    at DevServer.findPageComponents (file://C:\Users\stani\Desktop\projects\domek-nad-dolina\node_modules\next\dist\server\dev\next-dev-server.js:690:43)
    at async DevServer.renderErrorToResponseImpl (file://C:\Users\stani\Desktop\projects\domek-nad-dolina\node_modules\next\dist\server\base-server.js:1753:26)
[ 3020077ms] [LOG] [HMR] connected @ http://localhost:3000/_next/static/chunks/node_modules_next_dist_1gdrd03._.js:1226
[ 3020089ms] [ERROR] ./components/landing/Hero.tsx:222:5
Expression expected
  220 |
  221 |     </div>
> 222 |     </section >
      |     ^
  223 |   )
  224 | }
  225 |

Parsing ecmascript source code failed

Import trace:
  Server Component:
    ./components/landing/Hero.tsx
    ./app/page.tsx @ http://localhost:3000/_next/static/chunks/node_modules_next_dist_1gdrd03._.js:1945
[ 3020089ms] [ERROR] ./components/landing/Hero.tsx:222:6
Unterminated regexp literal
  220 |
  221 |     </div>
> 222 |     </section >
      |      ^^^^^^^^^^
  223 |   )
  224 | }
  225 |

Parsing ecmascript source code failed

Import trace:
  Server Component:
    ./components/landing/Hero.tsx
    ./app/page.tsx @ http://localhost:3000/_next/static/chunks/node_modules_next_dist_1gdrd03._.js:1945
[ 3020162ms] [ERROR] ./components/landing/Hero.tsx:222:5
Expression expected
  220 |
  221 |     </div>
> 222 |     </section >
      |     ^
  223 |   )
  224 | }
  225 |

Parsing ecmascript source code failed

Import trace:
  Server Component:
    ./components/landing/Hero.tsx
    ./app/page.tsx @ http://localhost:3000/_next/static/chunks/node_modules_next_dist_1gdrd03._.js:1945
[ 3020163ms] [ERROR] ./components/landing/Hero.tsx:222:6
Unterminated regexp literal
  220 |
  221 |     </div>
> 222 |     </section >
      |      ^^^^^^^^^^
  223 |   )
  224 | }
  225 |

Parsing ecmascript source code failed

Import trace:
  Server Component:
    ./components/landing/Hero.tsx
    ./app/page.tsx @ http://localhost:3000/_next/static/chunks/node_modules_next_dist_1gdrd03._.js:1945
[ 3020222ms] [ERROR] ./components/landing/Hero.tsx:222:5
Expression expected
  220 |
  221 |     </div>
> 222 |     </section >
      |     ^
  223 |   )
  224 | }
  225 |

Parsing ecmascript source code failed

Import trace:
  Server Component:
    ./components/landing/Hero.tsx
    ./app/page.tsx @ http://localhost:3000/_next/static/chunks/node_modules_next_dist_1gdrd03._.js:1945
[ 3020222ms] [ERROR] ./components/landing/Hero.tsx:222:6
Unterminated regexp literal
  220 |
  221 |     </div>
> 222 |     </section >
      |      ^^^^^^^^^^
  223 |   )
  224 | }
  225 |

Parsing ecmascript source code failed

Import trace:
  Server Component:
    ./components/landing/Hero.tsx
    ./app/page.tsx @ http://localhost:3000/_next/static/chunks/node_modules_next_dist_1gdrd03._.js:1945
[ 3020282ms] [ERROR] ./components/landing/Hero.tsx:222:5
Expression expected
  220 |
  221 |     </div>
> 222 |     </section >
      |     ^
  223 |   )
  224 | }
  225 |

Parsing ecmascript source code failed

Import trace:
  Server Component:
    ./components/landing/Hero.tsx
    ./app/page.tsx @ http://localhost:3000/_next/static/chunks/node_modules_next_dist_1gdrd03._.js:1945
[ 3020283ms] [ERROR] ./components/landing/Hero.tsx:222:6
Unterminated regexp literal
  220 |
  221 |     </div>
> 222 |     </section >
      |      ^^^^^^^^^^
  223 |   )
  224 | }
  225 |

Parsing ecmascript source code failed

Import trace:
  Server Component:
    ./components/landing/Hero.tsx
    ./app/page.tsx @ http://localhost:3000/_next/static/chunks/node_modules_next_dist_1gdrd03._.js:1945
[ 3020360ms] [ERROR] ./components/landing/Hero.tsx:222:5
Expression expected
  220 |
  221 |     </div>
> 222 |     </section >
      |     ^
  223 |   )
  224 | }
  225 |

Parsing ecmascript source code failed

Import trace:
  Server Component:
    ./components/landing/Hero.tsx
    ./app/page.tsx @ http://localhost:3000/_next/static/chunks/node_modules_next_dist_1gdrd03._.js:1945
[ 3020360ms] [ERROR] ./components/landing/Hero.tsx:222:6
Unterminated regexp literal
  220 |
  221 |     </div>
> 222 |     </section >
      |      ^^^^^^^^^^
  223 |   )
  224 | }
  225 |

Parsing ecmascript source code failed

Import trace:
  Server Component:
    ./components/landing/Hero.tsx
    ./app/page.tsx @ http://localhost:3000/_next/static/chunks/node_modules_next_dist_1gdrd03._.js:1945
[ 3020418ms] [ERROR] ./components/landing/Hero.tsx:222:5
Expression expected
  220 |
  221 |     </div>
> 222 |     </section >
      |     ^
  223 |   )
  224 | }
  225 |

Parsing ecmascript source code failed

Import trace:
  Server Component:
    ./components/landing/Hero.tsx
    ./app/page.tsx @ http://localhost:3000/_next/static/chunks/node_modules_next_dist_1gdrd03._.js:1945
[ 3020418ms] [ERROR] ./components/landing/Hero.tsx:222:6
Unterminated regexp literal
  220 |
  221 |     </div>
> 222 |     </section >
      |      ^^^^^^^^^^
  223 |   )
  224 | }
  225 |

Parsing ecmascript source code failed

Import trace:
  Server Component:
    ./components/landing/Hero.tsx
    ./app/page.tsx @ http://localhost:3000/_next/static/chunks/node_modules_next_dist_1gdrd03._.js:1945
[ 3020481ms] [ERROR] ./components/landing/Hero.tsx:222:5
Expression expected
  220 |
  221 |     </div>
> 222 |     </section >
      |     ^
  223 |   )
  224 | }
  225 |

Parsing ecmascript source code failed

Import trace:
  Server Component:
    ./components/landing/Hero.tsx
    ./app/page.tsx @ http://localhost:3000/_next/static/chunks/node_modules_next_dist_1gdrd03._.js:1945
[ 3020481ms] [ERROR] ./components/landing/Hero.tsx:222:6
Unterminated regexp literal
  220 |
  221 |     </div>
> 222 |     </section >
      |      ^^^^^^^^^^
  223 |   )
  224 | }
  225 |

Parsing ecmascript source code failed

Import trace:
  Server Component:
    ./components/landing/Hero.tsx
    ./app/page.tsx @ http://localhost:3000/_next/static/chunks/node_modules_next_dist_1gdrd03._.js:1945
[ 3020542ms] [ERROR] ./components/landing/Hero.tsx:222:5
Expression expected
  220 |
  221 |     </div>
> 222 |     </section >
      |     ^
  223 |   )
  224 | }
  225 |

Parsing ecmascript source code failed

Import trace:
  Server Component:
    ./components/landing/Hero.tsx
    ./app/page.tsx @ http://localhost:3000/_next/static/chunks/node_modules_next_dist_1gdrd03._.js:1945
[ 3020543ms] [ERROR] ./components/landing/Hero.tsx:222:6
Unterminated regexp literal
  220 |
  221 |     </div>
> 222 |     </section >
      |      ^^^^^^^^^^
  223 |   )
  224 | }
  225 |

Parsing ecmascript source code failed

Import trace:
  Server Component:
    ./components/landing/Hero.tsx
    ./app/page.tsx @ http://localhost:3000/_next/static/chunks/node_modules_next_dist_1gdrd03._.js:1945
[ 3020605ms] [ERROR] ./components/landing/Hero.tsx:222:5
Expression expected
  220 |
  221 |     </div>
> 222 |     </section >
      |     ^
  223 |   )
  224 | }
  225 |

Parsing ecmascript source code failed

Import trace:
  Server Component:
    ./components/landing/Hero.tsx
    ./app/page.tsx @ http://localhost:3000/_next/static/chunks/node_modules_next_dist_1gdrd03._.js:1945
[ 3020605ms] [ERROR] ./components/landing/Hero.tsx:222:6
Unterminated regexp literal
  220 |
  221 |     </div>
> 222 |     </section >
      |      ^^^^^^^^^^
  223 |   )
  224 | }
  225 |

Parsing ecmascript source code failed

Import trace:
  Server Component:
    ./components/landing/Hero.tsx
    ./app/page.tsx @ http://localhost:3000/_next/static/chunks/node_modules_next_dist_1gdrd03._.js:1945
[ 3020752ms] [ERROR] ./components/landing/Hero.tsx:222:5
Expression expected
  220 |
  221 |     </div>
> 222 |     </section >
      |     ^
  223 |   )
  224 | }
  225 |

Parsing ecmascript source code failed

Import trace:
  Server Component:
    ./components/landing/Hero.tsx
    ./app/page.tsx @ http://localhost:3000/_next/static/chunks/node_modules_next_dist_1gdrd03._.js:1945
[ 3020752ms] [ERROR] ./components/landing/Hero.tsx:222:6
Unterminated regexp literal
  220 |
  221 |     </div>
> 222 |     </section >
      |      ^^^^^^^^^^
  223 |   )
  224 | }
  225 |

Parsing ecmascript source code failed

Import trace:
  Server Component:
    ./components/landing/Hero.tsx
    ./app/page.tsx @ http://localhost:3000/_next/static/chunks/node_modules_next_dist_1gdrd03._.js:1945
[ 3020774ms] [ERROR] ./components/landing/Hero.tsx:222:5
Expression expected
  220 |
  221 |     </div>
> 222 |     </section >
      |     ^
  223 |   )
  224 | }
  225 |

Parsing ecmascript source code failed

Import trace:
  Server Component:
    ./components/landing/Hero.tsx
    ./app/page.tsx @ http://localhost:3000/_next/static/chunks/node_modules_next_dist_1gdrd03._.js:1945
[ 3020774ms] [ERROR] ./components/landing/Hero.tsx:222:6
Unterminated regexp literal
  220 |
  221 |     </div>
> 222 |     </section >
      |      ^^^^^^^^^^
  223 |   )
  224 | }
  225 |

Parsing ecmascript source code failed

Import trace:
  Server Component:
    ./components/landing/Hero.tsx
    ./app/page.tsx @ http://localhost:3000/_next/static/chunks/node_modules_next_dist_1gdrd03._.js:1945
[ 3020832ms] [ERROR] ./components/landing/Hero.tsx:222:5
Expression expected
  220 |
  221 |     </div>
> 222 |     </section >
      |     ^
  223 |   )
  224 | }
  225 |

Parsing ecmascript source code failed

Import trace:
  Server Component:
    ./components/landing/Hero.tsx
    ./app/page.tsx @ http://localhost:3000/_next/static/chunks/node_modules_next_dist_1gdrd03._.js:1945
[ 3020833ms] [ERROR] ./components/landing/Hero.tsx:222:6
Unterminated regexp literal
  220 |
  221 |     </div>
> 222 |     </section >
      |      ^^^^^^^^^^
  223 |   )
  224 | }
  225 |

Parsing ecmascript source code failed

Import trace:
  Server Component:
    ./components/landing/Hero.tsx
    ./app/page.tsx @ http://localhost:3000/_next/static/chunks/node_modules_next_dist_1gdrd03._.js:1945
[ 3020897ms] [ERROR] ./components/landing/Hero.tsx:222:5
Expression expected
  220 |
  221 |     </div>
> 222 |     </section >
      |     ^
  223 |   )
  224 | }
  225 |

Parsing ecmascript source code failed

Import trace:
  Server Component:
    ./components/landing/Hero.tsx
    ./app/page.tsx @ http://localhost:3000/_next/static/chunks/node_modules_next_dist_1gdrd03._.js:1945
[ 3020897ms] [ERROR] ./components/landing/Hero.tsx:222:6
Unterminated regexp literal
  220 |
  221 |     </div>
> 222 |     </section >
      |      ^^^^^^^^^^
  223 |   )
  224 | }
  225 |

Parsing ecmascript source code failed

Import trace:
  Server Component:
    ./components/landing/Hero.tsx
    ./app/page.tsx @ http://localhost:3000/_next/static/chunks/node_modules_next_dist_1gdrd03._.js:1945
[ 3020957ms] [ERROR] ./components/landing/Hero.tsx:222:5
Expression expected
  220 |
  221 |     </div>
> 222 |     </section >
      |     ^
  223 |   )
  224 | }
  225 |

Parsing ecmascript source code failed

Import trace:
  Server Component:
    ./components/landing/Hero.tsx
    ./app/page.tsx @ http://localhost:3000/_next/static/chunks/node_modules_next_dist_1gdrd03._.js:1945
[ 3020958ms] [ERROR] ./components/landing/Hero.tsx:222:6
Unterminated regexp literal
  220 |
  221 |     </div>
> 222 |     </section >
      |      ^^^^^^^^^^
  223 |   )
  224 | }
  225 |

Parsing ecmascript source code failed

Import trace:
  Server Component:
    ./components/landing/Hero.tsx
    ./app/page.tsx @ http://localhost:3000/_next/static/chunks/node_modules_next_dist_1gdrd03._.js:1945
[ 3021017ms] [ERROR] ./components/landing/Hero.tsx:222:5
Expression expected
  220 |
  221 |     </div>
> 222 |     </section >
      |     ^
  223 |   )
  224 | }
  225 |

Parsing ecmascript source code failed

Import trace:
  Server Component:
    ./components/landing/Hero.tsx
    ./app/page.tsx @ http://localhost:3000/_next/static/chunks/node_modules_next_dist_1gdrd03._.js:1945
[ 3021018ms] [ERROR] ./components/landing/Hero.tsx:222:6
Unterminated regexp literal
  220 |
  221 |     </div>
> 222 |     </section >
      |      ^^^^^^^^^^
  223 |   )
  224 | }
  225 |

Parsing ecmascript source code failed

Import trace:
  Server Component:
    ./components/landing/Hero.tsx
    ./app/page.tsx @ http://localhost:3000/_next/static/chunks/node_modules_next_dist_1gdrd03._.js:1945
[ 3021077ms] [ERROR] ./components/landing/Hero.tsx:222:5
Expression expected
  220 |
  221 |     </div>
> 222 |     </section >
      |     ^
  223 |   )
  224 | }
  225 |

Parsing ecmascript source code failed

Import trace:
  Server Component:
    ./components/landing/Hero.tsx
    ./app/page.tsx @ http://localhost:3000/_next/static/chunks/node_modules_next_dist_1gdrd03._.js:1945
[ 3021077ms] [ERROR] ./components/landing/Hero.tsx:222:6
Unterminated regexp literal
  220 |
  221 |     </div>
> 222 |     </section >
      |      ^^^^^^^^^^
  223 |   )
  224 | }
  225 |

Parsing ecmascript source code failed

Import trace:
  Server Component:
    ./components/landing/Hero.tsx
    ./app/page.tsx @ http://localhost:3000/_next/static/chunks/node_modules_next_dist_1gdrd03._.js:1945
[ 3021138ms] [ERROR] ./components/landing/Hero.tsx:222:5
Expression expected
  220 |
  221 |     </div>
> 222 |     </section >
      |     ^
  223 |   )
  224 | }
  225 |

Parsing ecmascript source code failed

Import trace:
  Server Component:
    ./components/landing/Hero.tsx
    ./app/page.tsx @ http://localhost:3000/_next/static/chunks/node_modules_next_dist_1gdrd03._.js:1945
[ 3021138ms] [ERROR] ./components/landing/Hero.tsx:222:6
Unterminated regexp literal
  220 |
  221 |     </div>
> 222 |     </section >
      |      ^^^^^^^^^^
  223 |   )
  224 | }
  225 |

Parsing ecmascript source code failed

Import trace:
  Server Component:
    ./components/landing/Hero.tsx
    ./app/page.tsx @ http://localhost:3000/_next/static/chunks/node_modules_next_dist_1gdrd03._.js:1945
[ 3021202ms] [ERROR] ./components/landing/Hero.tsx:222:5
Expression expected
  220 |
  221 |     </div>
> 222 |     </section >
      |     ^
  223 |   )
  224 | }
  225 |

Parsing ecmascript source code failed

Import trace:
  Server Component:
    ./components/landing/Hero.tsx
    ./app/page.tsx @ http://localhost:3000/_next/static/chunks/node_modules_next_dist_1gdrd03._.js:1945
[ 3021203ms] [ERROR] ./components/landing/Hero.tsx:222:6
Unterminated regexp literal
  220 |
  221 |     </div>
> 222 |     </section >
      |      ^^^^^^^^^^
  223 |   )
  224 | }
  225 |

Parsing ecmascript source code failed

Import trace:
  Server Component:
    ./components/landing/Hero.tsx
    ./app/page.tsx @ http://localhost:3000/_next/static/chunks/node_modules_next_dist_1gdrd03._.js:1945
[ 3021263ms] [ERROR] ./components/landing/Hero.tsx:222:5
Expression expected
  220 |
  221 |     </div>
> 222 |     </section >
      |     ^
  223 |   )
  224 | }
  225 |

Parsing ecmascript source code failed

Import trace:
  Server Component:
    ./components/landing/Hero.tsx
    ./app/page.tsx @ http://localhost:3000/_next/static/chunks/node_modules_next_dist_1gdrd03._.js:1945
[ 3021263ms] [ERROR] ./components/landing/Hero.tsx:222:6
Unterminated regexp literal
  220 |
  221 |     </div>
> 222 |     </section >
      |      ^^^^^^^^^^
  223 |   )
  224 | }
  225 |

Parsing ecmascript source code failed

Import trace:
  Server Component:
    ./components/landing/Hero.tsx
    ./app/page.tsx @ http://localhost:3000/_next/static/chunks/node_modules_next_dist_1gdrd03._.js:1945
[ 3021327ms] [ERROR] ./components/landing/Hero.tsx:222:5
Expression expected
  220 |
  221 |     </div>
> 222 |     </section >
      |     ^
  223 |   )
  224 | }
  225 |

Parsing ecmascript source code failed

Import trace:
  Server Component:
    ./components/landing/Hero.tsx
    ./app/page.tsx @ http://localhost:3000/_next/static/chunks/node_modules_next_dist_1gdrd03._.js:1945
[ 3021327ms] [ERROR] ./components/landing/Hero.tsx:222:6
Unterminated regexp literal
  220 |
  221 |     </div>
> 222 |     </section >
      |      ^^^^^^^^^^
  223 |   )
  224 | }
  225 |

Parsing ecmascript source code failed

Import trace:
  Server Component:
    ./components/landing/Hero.tsx
    ./app/page.tsx @ http://localhost:3000/_next/static/chunks/node_modules_next_dist_1gdrd03._.js:1945
[ 3021386ms] [ERROR] ./components/landing/Hero.tsx:222:5
Expression expected
  220 |
  221 |     </div>
> 222 |     </section >
      |     ^
  223 |   )
  224 | }
  225 |

Parsing ecmascript source code failed

Import trace:
  Server Component:
    ./components/landing/Hero.tsx
    ./app/page.tsx @ http://localhost:3000/_next/static/chunks/node_modules_next_dist_1gdrd03._.js:1945
[ 3021387ms] [ERROR] ./components/landing/Hero.tsx:222:6
Unterminated regexp literal
  220 |
  221 |     </div>
> 222 |     </section >
      |      ^^^^^^^^^^
  223 |   )
  224 | }
  225 |

Parsing ecmascript source code failed

Import trace:
  Server Component:
    ./components/landing/Hero.tsx
    ./app/page.tsx @ http://localhost:3000/_next/static/chunks/node_modules_next_dist_1gdrd03._.js:1945
[ 3021449ms] [ERROR] ./components/landing/Hero.tsx:222:5
Expression expected
  220 |
  221 |     </div>
> 222 |     </section >
      |     ^
  223 |   )
  224 | }
  225 |

Parsing ecmascript source code failed

Import trace:
  Server Component:
    ./components/landing/Hero.tsx
    ./app/page.tsx @ http://localhost:3000/_next/static/chunks/node_modules_next_dist_1gdrd03._.js:1945
[ 3021449ms] [ERROR] ./components/landing/Hero.tsx:222:6
Unterminated regexp literal
  220 |
  221 |     </div>
> 222 |     </section >
      |      ^^^^^^^^^^
  223 |   )
  224 | }
  225 |

Parsing ecmascript source code failed

Import trace:
  Server Component:
    ./components/landing/Hero.tsx
    ./app/page.tsx @ http://localhost:3000/_next/static/chunks/node_modules_next_dist_1gdrd03._.js:1945
[ 3021509ms] [ERROR] ./components/landing/Hero.tsx:222:5
Expression expected
  220 |
  221 |     </div>
> 222 |     </section >
      |     ^
  223 |   )
  224 | }
  225 |

Parsing ecmascript source code failed

Import trace:
  Server Component:
    ./components/landing/Hero.tsx
    ./app/page.tsx @ http://localhost:3000/_next/static/chunks/node_modules_next_dist_1gdrd03._.js:1945
[ 3021509ms] [ERROR] ./components/landing/Hero.tsx:222:6
Unterminated regexp literal
  220 |
  221 |     </div>
> 222 |     </section >
      |      ^^^^^^^^^^
  223 |   )
  224 | }
  225 |

Parsing ecmascript source code failed

Import trace:
  Server Component:
    ./components/landing/Hero.tsx
    ./app/page.tsx @ http://localhost:3000/_next/static/chunks/node_modules_next_dist_1gdrd03._.js:1945
[ 3021570ms] [ERROR] ./components/landing/Hero.tsx:222:5
Expression expected
  220 |
  221 |     </div>
> 222 |     </section >
      |     ^
  223 |   )
  224 | }
  225 |

Parsing ecmascript source code failed

Import trace:
  Server Component:
    ./components/landing/Hero.tsx
    ./app/page.tsx @ http://localhost:3000/_next/static/chunks/node_modules_next_dist_1gdrd03._.js:1945
[ 3021571ms] [ERROR] ./components/landing/Hero.tsx:222:6
Unterminated regexp literal
  220 |
  221 |     </div>
> 222 |     </section >
      |      ^^^^^^^^^^
  223 |   )
  224 | }
  225 |

Parsing ecmascript source code failed

Import trace:
  Server Component:
    ./components/landing/Hero.tsx
    ./app/page.tsx @ http://localhost:3000/_next/static/chunks/node_modules_next_dist_1gdrd03._.js:1945
[ 3021640ms] [ERROR] ./components/landing/Hero.tsx:222:5
Expression expected
  220 |
  221 |     </div>
> 222 |     </section >
      |     ^
  223 |   )
  224 | }
  225 |

Parsing ecmascript source code failed

Import trace:
  Server Component:
    ./components/landing/Hero.tsx
    ./app/page.tsx @ http://localhost:3000/_next/static/chunks/node_modules_next_dist_1gdrd03._.js:1945
[ 3021641ms] [ERROR] ./components/landing/Hero.tsx:222:6
Unterminated regexp literal
  220 |
  221 |     </div>
> 222 |     </section >
      |      ^^^^^^^^^^
  223 |   )
  224 | }
  225 |

Parsing ecmascript source code failed

Import trace:
  Server Component:
    ./components/landing/Hero.tsx
    ./app/page.tsx @ http://localhost:3000/_next/static/chunks/node_modules_next_dist_1gdrd03._.js:1945
[ 3021696ms] [ERROR] ./components/landing/Hero.tsx:222:5
Expression expected
  220 |
  221 |     </div>
> 222 |     </section >
      |     ^
  223 |   )
  224 | }
  225 |

Parsing ecmascript source code failed

Import trace:
  Server Component:
    ./components/landing/Hero.tsx
    ./app/page.tsx @ http://localhost:3000/_next/static/chunks/node_modules_next_dist_1gdrd03._.js:1945
[ 3021696ms] [ERROR] ./components/landing/Hero.tsx:222:6
Unterminated regexp literal
  220 |
  221 |     </div>
> 222 |     </section >
      |      ^^^^^^^^^^
  223 |   )
  224 | }
  225 |

Parsing ecmascript source code failed

Import trace:
  Server Component:
    ./components/landing/Hero.tsx
    ./app/page.tsx @ http://localhost:3000/_next/static/chunks/node_modules_next_dist_1gdrd03._.js:1945
[ 3021757ms] [ERROR] ./components/landing/Hero.tsx:222:5
Expression expected
  220 |
  221 |     </div>
> 222 |     </section >
      |     ^
  223 |   )
  224 | }
  225 |

Parsing ecmascript source code failed

Import trace:
  Server Component:
    ./components/landing/Hero.tsx
    ./app/page.tsx @ http://localhost:3000/_next/static/chunks/node_modules_next_dist_1gdrd03._.js:1945
[ 3021757ms] [ERROR] ./components/landing/Hero.tsx:222:6
Unterminated regexp literal
  220 |
  221 |     </div>
> 222 |     </section >
      |      ^^^^^^^^^^
  223 |   )
  224 | }
  225 |

Parsing ecmascript source code failed

Import trace:
  Server Component:
    ./components/landing/Hero.tsx
    ./app/page.tsx @ http://localhost:3000/_next/static/chunks/node_modules_next_dist_1gdrd03._.js:1945
[ 3021818ms] [ERROR] ./components/landing/Hero.tsx:222:5
Expression expected
  220 |
  221 |     </div>
> 222 |     </section >
      |     ^
  223 |   )
  224 | }
  225 |

Parsing ecmascript source code failed

Import trace:
  Server Component:
    ./components/landing/Hero.tsx
    ./app/page.tsx @ http://localhost:3000/_next/static/chunks/node_modules_next_dist_1gdrd03._.js:1945
[ 3021819ms] [ERROR] ./components/landing/Hero.tsx:222:6
Unterminated regexp literal
  220 |
  221 |     </div>
> 222 |     </section >
      |      ^^^^^^^^^^
  223 |   )
  224 | }
  225 |

Parsing ecmascript source code failed

Import trace:
  Server Component:
    ./components/landing/Hero.tsx
    ./app/page.tsx @ http://localhost:3000/_next/static/chunks/node_modules_next_dist_1gdrd03._.js:1945
[ 3021881ms] [ERROR] ./components/landing/Hero.tsx:222:5
Expression expected
  220 |
  221 |     </div>
> 222 |     </section >
      |     ^
  223 |   )
  224 | }
  225 |

Parsing ecmascript source code failed

Import trace:
  Server Component:
    ./components/landing/Hero.tsx
    ./app/page.tsx @ http://localhost:3000/_next/static/chunks/node_modules_next_dist_1gdrd03._.js:1945
[ 3021882ms] [ERROR] ./components/landing/Hero.tsx:222:6
Unterminated regexp literal
  220 |
  221 |     </div>
> 222 |     </section >
      |      ^^^^^^^^^^
  223 |   )
  224 | }
  225 |

Parsing ecmascript source code failed

Import trace:
  Server Component:
    ./components/landing/Hero.tsx
    ./app/page.tsx @ http://localhost:3000/_next/static/chunks/node_modules_next_dist_1gdrd03._.js:1945
[ 3021944ms] [ERROR] ./components/landing/Hero.tsx:222:5
Expression expected
  220 |
  221 |     </div>
> 222 |     </section >
      |     ^
  223 |   )
  224 | }
  225 |

Parsing ecmascript source code failed

Import trace:
  Server Component:
    ./components/landing/Hero.tsx
    ./app/page.tsx @ http://localhost:3000/_next/static/chunks/node_modules_next_dist_1gdrd03._.js:1945
[ 3021944ms] [ERROR] ./components/landing/Hero.tsx:222:6
Unterminated regexp literal
  220 |
  221 |     </div>
> 222 |     </section >
      |      ^^^^^^^^^^
  223 |   )
  224 | }
  225 |

Parsing ecmascript source code failed

Import trace:
  Server Component:
    ./components/landing/Hero.tsx
    ./app/page.tsx @ http://localhost:3000/_next/static/chunks/node_modules_next_dist_1gdrd03._.js:1945
[ 3022001ms] [ERROR] ./components/landing/Hero.tsx:222:5
Expression expected
  220 |
  221 |     </div>
> 222 |     </section >
      |     ^
  223 |   )
  224 | }
  225 |

Parsing ecmascript source code failed

Import trace:
  Server Component:
    ./components/landing/Hero.tsx
    ./app/page.tsx @ http://localhost:3000/_next/static/chunks/node_modules_next_dist_1gdrd03._.js:1945
[ 3022002ms] [ERROR] ./components/landing/Hero.tsx:222:6
Unterminated regexp literal
  220 |
  221 |     </div>
> 222 |     </section >
      |      ^^^^^^^^^^
  223 |   )
  224 | }
  225 |

Parsing ecmascript source code failed

Import trace:
  Server Component:
    ./components/landing/Hero.tsx
    ./app/page.tsx @ http://localhost:3000/_next/static/chunks/node_modules_next_dist_1gdrd03._.js:1945
[ 3022063ms] [ERROR] ./components/landing/Hero.tsx:222:5
Expression expected
  220 |
  221 |     </div>
> 222 |     </section >
      |     ^
  223 |   )
  224 | }
  225 |

Parsing ecmascript source code failed

Import trace:
  Server Component:
    ./components/landing/Hero.tsx
    ./app/page.tsx @ http://localhost:3000/_next/static/chunks/node_modules_next_dist_1gdrd03._.js:1945
[ 3022063ms] [ERROR] ./components/landing/Hero.tsx:222:6
Unterminated regexp literal
  220 |
  221 |     </div>
> 222 |     </section >
      |      ^^^^^^^^^^
  223 |   )
  224 | }
  225 |

Parsing ecmascript source code failed

Import trace:
  Server Component:
    ./components/landing/Hero.tsx
    ./app/page.tsx @ http://localhost:3000/_next/static/chunks/node_modules_next_dist_1gdrd03._.js:1945
[ 3022125ms] [ERROR] ./components/landing/Hero.tsx:222:5
Expression expected
  220 |
  221 |     </div>
> 222 |     </section >
      |     ^
  223 |   )
  224 | }
  225 |

Parsing ecmascript source code failed

Import trace:
  Server Component:
    ./components/landing/Hero.tsx
    ./app/page.tsx @ http://localhost:3000/_next/static/chunks/node_modules_next_dist_1gdrd03._.js:1945
[ 3022125ms] [ERROR] ./components/landing/Hero.tsx:222:6
Unterminated regexp literal
  220 |
  221 |     </div>
> 222 |     </section >
      |      ^^^^^^^^^^
  223 |   )
  224 | }
  225 |

Parsing ecmascript source code failed

Import trace:
  Server Component:
    ./components/landing/Hero.tsx
    ./app/page.tsx @ http://localhost:3000/_next/static/chunks/node_modules_next_dist_1gdrd03._.js:1945
[ 3022187ms] [ERROR] ./components/landing/Hero.tsx:222:5
Expression expected
  220 |
  221 |     </div>
> 222 |     </section >
      |     ^
  223 |   )
  224 | }
  225 |

Parsing ecmascript source code failed

Import trace:
  Server Component:
    ./components/landing/Hero.tsx
    ./app/page.tsx @ http://localhost:3000/_next/static/chunks/node_modules_next_dist_1gdrd03._.js:1945
[ 3022187ms] [ERROR] ./components/landing/Hero.tsx:222:6
Unterminated regexp literal
  220 |
  221 |     </div>
> 222 |     </section >
      |      ^^^^^^^^^^
  223 |   )
  224 | }
  225 |

Parsing ecmascript source code failed

Import trace:
  Server Component:
    ./components/landing/Hero.tsx
    ./app/page.tsx @ http://localhost:3000/_next/static/chunks/node_modules_next_dist_1gdrd03._.js:1945
[ 3022249ms] [ERROR] ./components/landing/Hero.tsx:222:5
Expression expected
  220 |
  221 |     </div>
> 222 |     </section >
      |     ^
  223 |   )
  224 | }
  225 |

Parsing ecmascript source code failed

Import trace:
  Server Component:
    ./components/landing/Hero.tsx
    ./app/page.tsx @ http://localhost:3000/_next/static/chunks/node_modules_next_dist_1gdrd03._.js:1945
[ 3022249ms] [ERROR] ./components/landing/Hero.tsx:222:6
Unterminated regexp literal
  220 |
  221 |     </div>
> 222 |     </section >
      |      ^^^^^^^^^^
  223 |   )
  224 | }
  225 |

Parsing ecmascript source code failed

Import trace:
  Server Component:
    ./components/landing/Hero.tsx
    ./app/page.tsx @ http://localhost:3000/_next/static/chunks/node_modules_next_dist_1gdrd03._.js:1945
[ 3022310ms] [ERROR] ./components/landing/Hero.tsx:222:5
Expression expected
  220 |
  221 |     </div>
> 222 |     </section >
      |     ^
  223 |   )
  224 | }
  225 |

Parsing ecmascript source code failed

Import trace:
  Server Component:
    ./components/landing/Hero.tsx
    ./app/page.tsx @ http://localhost:3000/_next/static/chunks/node_modules_next_dist_1gdrd03._.js:1945
[ 3022310ms] [ERROR] ./components/landing/Hero.tsx:222:6
Unterminated regexp literal
  220 |
  221 |     </div>
> 222 |     </section >
      |      ^^^^^^^^^^
  223 |   )
  224 | }
  225 |

Parsing ecmascript source code failed

Import trace:
  Server Component:
    ./components/landing/Hero.tsx
    ./app/page.tsx @ http://localhost:3000/_next/static/chunks/node_modules_next_dist_1gdrd03._.js:1945
[ 3022372ms] [ERROR] ./components/landing/Hero.tsx:222:5
Expression expected
  220 |
  221 |     </div>
> 222 |     </section >
      |     ^
  223 |   )
  224 | }
  225 |

Parsing ecmascript source code failed

Import trace:
  Server Component:
    ./components/landing/Hero.tsx
    ./app/page.tsx @ http://localhost:3000/_next/static/chunks/node_modules_next_dist_1gdrd03._.js:1945
[ 3022373ms] [ERROR] ./components/landing/Hero.tsx:222:6
Unterminated regexp literal
  220 |
  221 |     </div>
> 222 |     </section >
      |      ^^^^^^^^^^
  223 |   )
  224 | }
  225 |

Parsing ecmascript source code failed

Import trace:
  Server Component:
    ./components/landing/Hero.tsx
    ./app/page.tsx @ http://localhost:3000/_next/static/chunks/node_modules_next_dist_1gdrd03._.js:1945
[ 3022448ms] [ERROR] ./components/landing/Hero.tsx:222:5
Expression expected
  220 |
  221 |     </div>
> 222 |     </section >
      |     ^
  223 |   )
  224 | }
  225 |

Parsing ecmascript source code failed

Import trace:
  Server Component:
    ./components/landing/Hero.tsx
    ./app/page.tsx @ http://localhost:3000/_next/static/chunks/node_modules_next_dist_1gdrd03._.js:1945
[ 3022448ms] [ERROR] ./components/landing/Hero.tsx:222:6
Unterminated regexp literal
  220 |
  221 |     </div>
> 222 |     </section >
      |      ^^^^^^^^^^
  223 |   )
  224 | }
  225 |

Parsing ecmascript source code failed

Import trace:
  Server Component:
    ./components/landing/Hero.tsx
    ./app/page.tsx @ http://localhost:3000/_next/static/chunks/node_modules_next_dist_1gdrd03._.js:1945
[ 3022509ms] [ERROR] ./components/landing/Hero.tsx:222:5
Expression expected
  220 |
  221 |     </div>
> 222 |     </section >
      |     ^
  223 |   )
  224 | }
  225 |

Parsing ecmascript source code failed

Import trace:
  Server Component:
    ./components/landing/Hero.tsx
    ./app/page.tsx @ http://localhost:3000/_next/static/chunks/node_modules_next_dist_1gdrd03._.js:1945
[ 3022509ms] [ERROR] ./components/landing/Hero.tsx:222:6
Unterminated regexp literal
  220 |
  221 |     </div>
> 222 |     </section >
      |      ^^^^^^^^^^
  223 |   )
  224 | }
  225 |

Parsing ecmascript source code failed

Import trace:
  Server Component:
    ./components/landing/Hero.tsx
    ./app/page.tsx @ http://localhost:3000/_next/static/chunks/node_modules_next_dist_1gdrd03._.js:1945
[ 3022574ms] [ERROR] ./components/landing/Hero.tsx:222:5
Expression expected
  220 |
  221 |     </div>
> 222 |     </section >
      |     ^
  223 |   )
  224 | }
  225 |

Parsing ecmascript source code failed

Import trace:
  Server Component:
    ./components/landing/Hero.tsx
    ./app/page.tsx @ http://localhost:3000/_next/static/chunks/node_modules_next_dist_1gdrd03._.js:1945
[ 3022574ms] [ERROR] ./components/landing/Hero.tsx:222:6
Unterminated regexp literal
  220 |
  221 |     </div>
> 222 |     </section >
      |      ^^^^^^^^^^
  223 |   )
  224 | }
  225 |

Parsing ecmascript source code failed

Import trace:
  Server Component:
    ./components/landing/Hero.tsx
    ./app/page.tsx @ http://localhost:3000/_next/static/chunks/node_modules_next_dist_1gdrd03._.js:1945
[ 3022646ms] [ERROR] ./components/landing/Hero.tsx:222:5
Expression expected
  220 |
  221 |     </div>
> 222 |     </section >
      |     ^
  223 |   )
  224 | }
  225 |

Parsing ecmascript source code failed

Import trace:
  Server Component:
    ./components/landing/Hero.tsx
    ./app/page.tsx @ http://localhost:3000/_next/static/chunks/node_modules_next_dist_1gdrd03._.js:1945
[ 3022646ms] [ERROR] ./components/landing/Hero.tsx:222:6
Unterminated regexp literal
  220 |
  221 |     </div>
> 222 |     </section >
      |      ^^^^^^^^^^
  223 |   )
  224 | }
  225 |

Parsing ecmascript source code failed

Import trace:
  Server Component:
    ./components/landing/Hero.tsx
    ./app/page.tsx @ http://localhost:3000/_next/static/chunks/node_modules_next_dist_1gdrd03._.js:1945
[ 3022711ms] [ERROR] ./components/landing/Hero.tsx:222:5
Expression expected
  220 |
  221 |     </div>
> 222 |     </section >
      |     ^
  223 |   )
  224 | }
  225 |

Parsing ecmascript source code failed

Import trace:
  Server Component:
    ./components/landing/Hero.tsx
    ./app/page.tsx @ http://localhost:3000/_next/static/chunks/node_modules_next_dist_1gdrd03._.js:1945
[ 3022712ms] [ERROR] ./components/landing/Hero.tsx:222:6
Unterminated regexp literal
  220 |
  221 |     </div>
> 222 |     </section >
      |      ^^^^^^^^^^
  223 |   )
  224 | }
  225 |

Parsing ecmascript source code failed

Import trace:
  Server Component:
    ./components/landing/Hero.tsx
    ./app/page.tsx @ http://localhost:3000/_next/static/chunks/node_modules_next_dist_1gdrd03._.js:1945
[ 3022773ms] [ERROR] ./components/landing/Hero.tsx:222:5
Expression expected
  220 |
  221 |     </div>
> 222 |     </section >
      |     ^
  223 |   )
  224 | }
  225 |

Parsing ecmascript source code failed

Import trace:
  Server Component:
    ./components/landing/Hero.tsx
    ./app/page.tsx @ http://localhost:3000/_next/static/chunks/node_modules_next_dist_1gdrd03._.js:1945
[ 3022773ms] [ERROR] ./components/landing/Hero.tsx:222:6
Unterminated regexp literal
  220 |
  221 |     </div>
> 222 |     </section >
      |      ^^^^^^^^^^
  223 |   )
  224 | }
  225 |

Parsing ecmascript source code failed

Import trace:
  Server Component:
    ./components/landing/Hero.tsx
    ./app/page.tsx @ http://localhost:3000/_next/static/chunks/node_modules_next_dist_1gdrd03._.js:1945
[ 3022835ms] [ERROR] ./components/landing/Hero.tsx:222:5
Expression expected
  220 |
  221 |     </div>
> 222 |     </section >
      |     ^
  223 |   )
  224 | }
  225 |

Parsing ecmascript source code failed

Import trace:
  Server Component:
    ./components/landing/Hero.tsx
    ./app/page.tsx @ http://localhost:3000/_next/static/chunks/node_modules_next_dist_1gdrd03._.js:1945
[ 3022835ms] [ERROR] ./components/landing/Hero.tsx:222:6
Unterminated regexp literal
  220 |
  221 |     </div>
> 222 |     </section >
      |      ^^^^^^^^^^
  223 |   )
  224 | }
  225 |

Parsing ecmascript source code failed

Import trace:
  Server Component:
    ./components/landing/Hero.tsx
    ./app/page.tsx @ http://localhost:3000/_next/static/chunks/node_modules_next_dist_1gdrd03._.js:1945
[ 3022897ms] [ERROR] ./components/landing/Hero.tsx:222:5
Expression expected
  220 |
  221 |     </div>
> 222 |     </section >
      |     ^
  223 |   )
  224 | }
  225 |

Parsing ecmascript source code failed

Import trace:
  Server Component:
    ./components/landing/Hero.tsx
    ./app/page.tsx @ http://localhost:3000/_next/static/chunks/node_modules_next_dist_1gdrd03._.js:1945
[ 3022898ms] [ERROR] ./components/landing/Hero.tsx:222:6
Unterminated regexp literal
  220 |
  221 |     </div>
> 222 |     </section >
      |      ^^^^^^^^^^
  223 |   )
  224 | }
  225 |

Parsing ecmascript source code failed

Import trace:
  Server Component:
    ./components/landing/Hero.tsx
    ./app/page.tsx @ http://localhost:3000/_next/static/chunks/node_modules_next_dist_1gdrd03._.js:1945
[ 3022959ms] [ERROR] ./components/landing/Hero.tsx:222:5
Expression expected
  220 |
  221 |     </div>
> 222 |     </section >
      |     ^
  223 |   )
  224 | }
  225 |

Parsing ecmascript source code failed

Import trace:
  Server Component:
    ./components/landing/Hero.tsx
    ./app/page.tsx @ http://localhost:3000/_next/static/chunks/node_modules_next_dist_1gdrd03._.js:1945
[ 3022959ms] [ERROR] ./components/landing/Hero.tsx:222:6
Unterminated regexp literal
  220 |
  221 |     </div>
> 222 |     </section >
      |      ^^^^^^^^^^
  223 |   )
  224 | }
  225 |

Parsing ecmascript source code failed

Import trace:
  Server Component:
    ./components/landing/Hero.tsx
    ./app/page.tsx @ http://localhost:3000/_next/static/chunks/node_modules_next_dist_1gdrd03._.js:1945
[ 3023020ms] [ERROR] ./components/landing/Hero.tsx:222:5
Expression expected
  220 |
  221 |     </div>
> 222 |     </section >
      |     ^
  223 |   )
  224 | }
  225 |

Parsing ecmascript source code failed

Import trace:
  Server Component:
    ./components/landing/Hero.tsx
    ./app/page.tsx @ http://localhost:3000/_next/static/chunks/node_modules_next_dist_1gdrd03._.js:1945
[ 3023020ms] [ERROR] ./components/landing/Hero.tsx:222:6
Unterminated regexp literal
  220 |
  221 |     </div>
> 222 |     </section >
      |      ^^^^^^^^^^
  223 |   )
  224 | }
  225 |

Parsing ecmascript source code failed

Import trace:
  Server Component:
    ./components/landing/Hero.tsx
    ./app/page.tsx @ http://localhost:3000/_next/static/chunks/node_modules_next_dist_1gdrd03._.js:1945
[ 3023083ms] [ERROR] ./components/landing/Hero.tsx:222:5
Expression expected
  220 |
  221 |     </div>
> 222 |     </section >
      |     ^
  223 |   )
  224 | }
  225 |

Parsing ecmascript source code failed

Import trace:
  Server Component:
    ./components/landing/Hero.tsx
    ./app/page.tsx @ http://localhost:3000/_next/static/chunks/node_modules_next_dist_1gdrd03._.js:1945
[ 3023083ms] [ERROR] ./components/landing/Hero.tsx:222:6
Unterminated regexp literal
  220 |
  221 |     </div>
> 222 |     </section >
      |      ^^^^^^^^^^
  223 |   )
  224 | }
  225 |

Parsing ecmascript source code failed

Import trace:
  Server Component:
    ./components/landing/Hero.tsx
    ./app/page.tsx @ http://localhost:3000/_next/static/chunks/node_modules_next_dist_1gdrd03._.js:1945
[ 3023144ms] [ERROR] ./components/landing/Hero.tsx:222:5
Expression expected
  220 |
  221 |     </div>
> 222 |     </section >
      |     ^
  223 |   )
  224 | }
  225 |

Parsing ecmascript source code failed

Import trace:
  Server Component:
    ./components/landing/Hero.tsx
    ./app/page.tsx @ http://localhost:3000/_next/static/chunks/node_modules_next_dist_1gdrd03._.js:1945
[ 3023144ms] [ERROR] ./components/landing/Hero.tsx:222:6
Unterminated regexp literal
  220 |
  221 |     </div>
> 222 |     </section >
      |      ^^^^^^^^^^
  223 |   )
  224 | }
  225 |

Parsing ecmascript source code failed

Import trace:
  Server Component:
    ./components/landing/Hero.tsx
    ./app/page.tsx @ http://localhost:3000/_next/static/chunks/node_modules_next_dist_1gdrd03._.js:1945
[ 3023205ms] [ERROR] ./components/landing/Hero.tsx:222:5
Expression expected
  220 |
  221 |     </div>
> 222 |     </section >
      |     ^
  223 |   )
  224 | }
  225 |

Parsing ecmascript source code failed

Import trace:
  Server Component:
    ./components/landing/Hero.tsx
    ./app/page.tsx @ http://localhost:3000/_next/static/chunks/node_modules_next_dist_1gdrd03._.js:1945
[ 3023205ms] [ERROR] ./components/landing/Hero.tsx:222:6
Unterminated regexp literal
  220 |
  221 |     </div>
> 222 |     </section >
      |      ^^^^^^^^^^
  223 |   )
  224 | }
  225 |

Parsing ecmascript source code failed

Import trace:
  Server Component:
    ./components/landing/Hero.tsx
    ./app/page.tsx @ http://localhost:3000/_next/static/chunks/node_modules_next_dist_1gdrd03._.js:1945
[ 3023266ms] [ERROR] ./components/landing/Hero.tsx:222:5
Expression expected
  220 |
  221 |     </div>
> 222 |     </section >
      |     ^
  223 |   )
  224 | }
  225 |

Parsing ecmascript source code failed

Import trace:
  Server Component:
    ./components/landing/Hero.tsx
    ./app/page.tsx @ http://localhost:3000/_next/static/chunks/node_modules_next_dist_1gdrd03._.js:1945
[ 3023266ms] [ERROR] ./components/landing/Hero.tsx:222:6
Unterminated regexp literal
  220 |
  221 |     </div>
> 222 |     </section >
      |      ^^^^^^^^^^
  223 |   )
  224 | }
  225 |

Parsing ecmascript source code failed

Import trace:
  Server Component:
    ./components/landing/Hero.tsx
    ./app/page.tsx @ http://localhost:3000/_next/static/chunks/node_modules_next_dist_1gdrd03._.js:1945
[ 3023326ms] [ERROR] ./components/landing/Hero.tsx:222:5
Expression expected
  220 |
  221 |     </div>
> 222 |     </section >
      |     ^
  223 |   )
  224 | }
  225 |

Parsing ecmascript source code failed

Import trace:
  Server Component:
    ./components/landing/Hero.tsx
    ./app/page.tsx @ http://localhost:3000/_next/static/chunks/node_modules_next_dist_1gdrd03._.js:1945
[ 3023327ms] [ERROR] ./components/landing/Hero.tsx:222:6
Unterminated regexp literal
  220 |
  221 |     </div>
> 222 |     </section >
      |      ^^^^^^^^^^
  223 |   )
  224 | }
  225 |

Parsing ecmascript source code failed

Import trace:
  Server Component:
    ./components/landing/Hero.tsx
    ./app/page.tsx @ http://localhost:3000/_next/static/chunks/node_modules_next_dist_1gdrd03._.js:1945
[ 3023387ms] [ERROR] ./components/landing/Hero.tsx:222:5
Expression expected
  220 |
  221 |     </div>
> 222 |     </section >
      |     ^
  223 |   )
  224 | }
  225 |

Parsing ecmascript source code failed

Import trace:
  Server Component:
    ./components/landing/Hero.tsx
    ./app/page.tsx @ http://localhost:3000/_next/static/chunks/node_modules_next_dist_1gdrd03._.js:1945
[ 3023387ms] [ERROR] ./components/landing/Hero.tsx:222:6
Unterminated regexp literal
  220 |
  221 |     </div>
> 222 |     </section >
      |      ^^^^^^^^^^
  223 |   )
  224 | }
  225 |

Parsing ecmascript source code failed

Import trace:
  Server Component:
    ./components/landing/Hero.tsx
    ./app/page.tsx @ http://localhost:3000/_next/static/chunks/node_modules_next_dist_1gdrd03._.js:1945
[ 3023450ms] [ERROR] ./components/landing/Hero.tsx:222:5
Expression expected
  220 |
  221 |     </div>
> 222 |     </section >
      |     ^
  223 |   )
  224 | }
  225 |

Parsing ecmascript source code failed

Import trace:
  Server Component:
    ./components/landing/Hero.tsx
    ./app/page.tsx @ http://localhost:3000/_next/static/chunks/node_modules_next_dist_1gdrd03._.js:1945
[ 3023450ms] [ERROR] ./components/landing/Hero.tsx:222:6
Unterminated regexp literal
  220 |
  221 |     </div>
> 222 |     </section >
      |      ^^^^^^^^^^
  223 |   )
  224 | }
  225 |

Parsing ecmascript source code failed

Import trace:
  Server Component:
    ./components/landing/Hero.tsx
    ./app/page.tsx @ http://localhost:3000/_next/static/chunks/node_modules_next_dist_1gdrd03._.js:1945
[ 3023509ms] [ERROR] ./components/landing/Hero.tsx:222:5
Expression expected
  220 |
  221 |     </div>
> 222 |     </section >
      |     ^
  223 |   )
  224 | }
  225 |

Parsing ecmascript source code failed

Import trace:
  Server Component:
    ./components/landing/Hero.tsx
    ./app/page.tsx @ http://localhost:3000/_next/static/chunks/node_modules_next_dist_1gdrd03._.js:1945
[ 3023510ms] [ERROR] ./components/landing/Hero.tsx:222:6
Unterminated regexp literal
  220 |
  221 |     </div>
> 222 |     </section >
      |      ^^^^^^^^^^
  223 |   )
  224 | }
  225 |

Parsing ecmascript source code failed

Import trace:
  Server Component:
    ./components/landing/Hero.tsx
    ./app/page.tsx @ http://localhost:3000/_next/static/chunks/node_modules_next_dist_1gdrd03._.js:1945
[ 3023575ms] [ERROR] ./components/landing/Hero.tsx:222:5
Expression expected
  220 |
  221 |     </div>
> 222 |     </section >
      |     ^
  223 |   )
  224 | }
  225 |

Parsing ecmascript source code failed

Import trace:
  Server Component:
    ./components/landing/Hero.tsx
    ./app/page.tsx @ http://localhost:3000/_next/static/chunks/node_modules_next_dist_1gdrd03._.js:1945
[ 3023575ms] [ERROR] ./components/landing/Hero.tsx:222:6
Unterminated regexp literal
  220 |
  221 |     </div>
> 222 |     </section >
      |      ^^^^^^^^^^
  223 |   )
  224 | }
  225 |

Parsing ecmascript source code failed

Import trace:
  Server Component:
    ./components/landing/Hero.tsx
    ./app/page.tsx @ http://localhost:3000/_next/static/chunks/node_modules_next_dist_1gdrd03._.js:1945
[ 3023949ms] [ERROR] ./components/landing/Hero.tsx:222:5
Expression expected
  220 |
  221 |     </div>
> 222 |     </section >
      |     ^
  223 |   )
  224 | }
  225 |

Parsing ecmascript source code failed

Import trace:
  Server Component:
    ./components/landing/Hero.tsx
    ./app/page.tsx @ http://localhost:3000/_next/static/chunks/node_modules_next_dist_1gdrd03._.js:1945
[ 3023950ms] [ERROR] ./components/landing/Hero.tsx:222:6
Unterminated regexp literal
  220 |
  221 |     </div>
> 222 |     </section >
      |      ^^^^^^^^^^
  223 |   )
  224 | }
  225 |

Parsing ecmascript source code failed

Import trace:
  Server Component:
    ./components/landing/Hero.tsx
    ./app/page.tsx @ http://localhost:3000/_next/static/chunks/node_modules_next_dist_1gdrd03._.js:1945
[ 3024009ms] [ERROR] ./components/landing/Hero.tsx:222:5
Expression expected
  220 |
  221 |     </div>
> 222 |     </section >
      |     ^
  223 |   )
  224 | }
  225 |

Parsing ecmascript source code failed

Import trace:
  Server Component:
    ./components/landing/Hero.tsx
    ./app/page.tsx @ http://localhost:3000/_next/static/chunks/node_modules_next_dist_1gdrd03._.js:1945
[ 3024009ms] [ERROR] ./components/landing/Hero.tsx:222:6
Unterminated regexp literal
  220 |
  221 |     </div>
> 222 |     </section >
      |      ^^^^^^^^^^
  223 |   )
  224 | }
  225 |

Parsing ecmascript source code failed

Import trace:
  Server Component:
    ./components/landing/Hero.tsx
    ./app/page.tsx @ http://localhost:3000/_next/static/chunks/node_modules_next_dist_1gdrd03._.js:1945
[ 3024069ms] [ERROR] ./components/landing/Hero.tsx:222:5
Expression expected
  220 |
  221 |     </div>
> 222 |     </section >
      |     ^
  223 |   )
  224 | }
  225 |

Parsing ecmascript source code failed

Import trace:
  Server Component:
    ./components/landing/Hero.tsx
    ./app/page.tsx @ http://localhost:3000/_next/static/chunks/node_modules_next_dist_1gdrd03._.js:1945
[ 3024069ms] [ERROR] ./components/landing/Hero.tsx:222:6
Unterminated regexp literal
  220 |
  221 |     </div>
> 222 |     </section >
      |      ^^^^^^^^^^
  223 |   )
  224 | }
  225 |

Parsing ecmascript source code failed

Import trace:
  Server Component:
    ./components/landing/Hero.tsx
    ./app/page.tsx @ http://localhost:3000/_next/static/chunks/node_modules_next_dist_1gdrd03._.js:1945
[ 3024131ms] [ERROR] ./components/landing/Hero.tsx:222:5
Expression expected
  220 |
  221 |     </div>
> 222 |     </section >
      |     ^
  223 |   )
  224 | }
  225 |

Parsing ecmascript source code failed

Import trace:
  Server Component:
    ./components/landing/Hero.tsx
    ./app/page.tsx @ http://localhost:3000/_next/static/chunks/node_modules_next_dist_1gdrd03._.js:1945
[ 3024131ms] [ERROR] ./components/landing/Hero.tsx:222:6
Unterminated regexp literal
  220 |
  221 |     </div>
> 222 |     </section >
      |      ^^^^^^^^^^
  223 |   )
  224 | }
  225 |

Parsing ecmascript source code failed

Import trace:
  Server Component:
    ./components/landing/Hero.tsx
    ./app/page.tsx @ http://localhost:3000/_next/static/chunks/node_modules_next_dist_1gdrd03._.js:1945
[ 3024192ms] [ERROR] ./components/landing/Hero.tsx:222:5
Expression expected
  220 |
  221 |     </div>
> 222 |     </section >
      |     ^
  223 |   )
  224 | }
  225 |

Parsing ecmascript source code failed

Import trace:
  Server Component:
    ./components/landing/Hero.tsx
    ./app/page.tsx @ http://localhost:3000/_next/static/chunks/node_modules_next_dist_1gdrd03._.js:1945
[ 3024192ms] [ERROR] ./components/landing/Hero.tsx:222:6
Unterminated regexp literal
  220 |
  221 |     </div>
> 222 |     </section >
      |      ^^^^^^^^^^
  223 |   )
  224 | }
  225 |

Parsing ecmascript source code failed

Import trace:
  Server Component:
    ./components/landing/Hero.tsx
    ./app/page.tsx @ http://localhost:3000/_next/static/chunks/node_modules_next_dist_1gdrd03._.js:1945
[ 3024255ms] [ERROR] ./components/landing/Hero.tsx:222:5
Expression expected
  220 |
  221 |     </div>
> 222 |     </section >
      |     ^
  223 |   )
  224 | }
  225 |

Parsing ecmascript source code failed

Import trace:
  Server Component:
    ./components/landing/Hero.tsx
    ./app/page.tsx @ http://localhost:3000/_next/static/chunks/node_modules_next_dist_1gdrd03._.js:1945
[ 3024255ms] [ERROR] ./components/landing/Hero.tsx:222:6
Unterminated regexp literal
  220 |
  221 |     </div>
> 222 |     </section >
      |      ^^^^^^^^^^
  223 |   )
  224 | }
  225 |

Parsing ecmascript source code failed

Import trace:
  Server Component:
    ./components/landing/Hero.tsx
    ./app/page.tsx @ http://localhost:3000/_next/static/chunks/node_modules_next_dist_1gdrd03._.js:1945
[ 3024315ms] [ERROR] ./components/landing/Hero.tsx:222:5
Expression expected
  220 |
  221 |     </div>
> 222 |     </section >
      |     ^
  223 |   )
  224 | }
  225 |

Parsing ecmascript source code failed

Import trace:
  Server Component:
    ./components/landing/Hero.tsx
    ./app/page.tsx @ http://localhost:3000/_next/static/chunks/node_modules_next_dist_1gdrd03._.js:1945
[ 3024317ms] [ERROR] ./components/landing/Hero.tsx:222:6
Unterminated regexp literal
  220 |
  221 |     </div>
> 222 |     </section >
      |      ^^^^^^^^^^
  223 |   )
  224 | }
  225 |

Parsing ecmascript source code failed

Import trace:
  Server Component:
    ./components/landing/Hero.tsx
    ./app/page.tsx @ http://localhost:3000/_next/static/chunks/node_modules_next_dist_1gdrd03._.js:1945
[ 3024379ms] [ERROR] ./components/landing/Hero.tsx:222:5
Expression expected
  220 |
  221 |     </div>
> 222 |     </section >
      |     ^
  223 |   )
  224 | }
  225 |

Parsing ecmascript source code failed

Import trace:
  Server Component:
    ./components/landing/Hero.tsx
    ./app/page.tsx @ http://localhost:3000/_next/static/chunks/node_modules_next_dist_1gdrd03._.js:1945
[ 3024380ms] [ERROR] ./components/landing/Hero.tsx:222:6
Unterminated regexp literal
  220 |
  221 |     </div>
> 222 |     </section >
      |      ^^^^^^^^^^
  223 |   )
  224 | }
  225 |

Parsing ecmascript source code failed

Import trace:
  Server Component:
    ./components/landing/Hero.tsx
    ./app/page.tsx @ http://localhost:3000/_next/static/chunks/node_modules_next_dist_1gdrd03._.js:1945
[ 3024438ms] [ERROR] ./components/landing/Hero.tsx:222:5
Expression expected
  220 |
  221 |     </div>
> 222 |     </section >
      |     ^
  223 |   )
  224 | }
  225 |

Parsing ecmascript source code failed

Import trace:
  Server Component:
    ./components/landing/Hero.tsx
    ./app/page.tsx @ http://localhost:3000/_next/static/chunks/node_modules_next_dist_1gdrd03._.js:1945
[ 3024439ms] [ERROR] ./components/landing/Hero.tsx:222:6
Unterminated regexp literal
  220 |
  221 |     </div>
> 222 |     </section >
      |      ^^^^^^^^^^
  223 |   )
  224 | }
  225 |

Parsing ecmascript source code failed

Import trace:
  Server Component:
    ./components/landing/Hero.tsx
    ./app/page.tsx @ http://localhost:3000/_next/static/chunks/node_modules_next_dist_1gdrd03._.js:1945
[ 3024497ms] [ERROR] ./components/landing/Hero.tsx:222:5
Expression expected
  220 |
  221 |     </div>
> 222 |     </section >
      |     ^
  223 |   )
  224 | }
  225 |

Parsing ecmascript source code failed

Import trace:
  Server Component:
    ./components/landing/Hero.tsx
    ./app/page.tsx @ http://localhost:3000/_next/static/chunks/node_modules_next_dist_1gdrd03._.js:1945
[ 3024497ms] [ERROR] ./components/landing/Hero.tsx:222:6
Unterminated regexp literal
  220 |
  221 |     </div>
> 222 |     </section >
      |      ^^^^^^^^^^
  223 |   )
  224 | }
  225 |

Parsing ecmascript source code failed

Import trace:
  Server Component:
    ./components/landing/Hero.tsx
    ./app/page.tsx @ http://localhost:3000/_next/static/chunks/node_modules_next_dist_1gdrd03._.js:1945
[ 3024562ms] [ERROR] ./components/landing/Hero.tsx:222:5
Expression expected
  220 |
  221 |     </div>
> 222 |     </section >
      |     ^
  223 |   )
  224 | }
  225 |

Parsing ecmascript source code failed

Import trace:
  Server Component:
    ./components/landing/Hero.tsx
    ./app/page.tsx @ http://localhost:3000/_next/static/chunks/node_modules_next_dist_1gdrd03._.js:1945
[ 3024562ms] [ERROR] ./components/landing/Hero.tsx:222:6
Unterminated regexp literal
  220 |
  221 |     </div>
> 222 |     </section >
      |      ^^^^^^^^^^
  223 |   )
  224 | }
  225 |

Parsing ecmascript source code failed

Import trace:
  Server Component:
    ./components/landing/Hero.tsx
    ./app/page.tsx @ http://localhost:3000/_next/static/chunks/node_modules_next_dist_1gdrd03._.js:1945
[ 3024712ms] [LOG] [Fast Refresh] rebuilding @ http://localhost:3000/_next/static/chunks/node_modules_next_dist_1gdrd03._.js:1226
[ 3024717ms] [ERROR] ./components/landing/Hero.tsx:222:5
Expression expected
  220 |
  221 |     </div>
> 222 |     </section >
      |     ^
  223 |   )
  224 | }
  225 |

Parsing ecmascript source code failed

Import trace:
  Server Component:
    ./components/landing/Hero.tsx
    ./app/page.tsx @ http://localhost:3000/_next/static/chunks/node_modules_next_dist_1gdrd03._.js:1945
[ 3024718ms] [ERROR] ./components/landing/Hero.tsx:222:6
Unterminated regexp literal
  220 |
  221 |     </div>
> 222 |     </section >
      |      ^^^^^^^^^^
  223 |   )
  224 | }
  225 |

Parsing ecmascript source code failed

Import trace:
  Server Component:
    ./components/landing/Hero.tsx
    ./app/page.tsx @ http://localhost:3000/_next/static/chunks/node_modules_next_dist_1gdrd03._.js:1945
[ 3024747ms] [LOG] [Fast Refresh] rebuilding @ http://localhost:3000/_next/static/chunks/node_modules_next_dist_1gdrd03._.js:1226
[ 3025052ms] [LOG] [Fast Refresh] done in 67ms @ http://localhost:3000/_next/static/chunks/node_modules_next_dist_1gdrd03._.js:1226
[ 3025188ms] [LOG] [Fast Refresh] rebuilding @ http://localhost:3000/_next/static/chunks/node_modules_next_dist_1gdrd03._.js:1226
[ 3025224ms] [LOG] [Fast Refresh] done in 139ms @ http://localhost:3000/_next/static/chunks/node_modules_next_dist_1gdrd03._.js:1226
[ 3026240ms] [INFO] %cDownload the React DevTools for a better development experience: https://react.dev/link/react-devtools font-weight:bold @ http://localhost:3000/_next/static/chunks/node_modules_next_dist_1ybzpk2._.js:2477
[ 3026474ms] [LOG] [HMR] connected @ http://localhost:3000/_next/static/chunks/node_modules_next_dist_1ybzpk2._.js:2477
[ 3026696ms] [WARNING] Image with src "/images/hero-bg.webp" is using quality "90" which is not configured in images.qualities [75]. Please update your config to [75, 90].
Read more: https://nextjs.org/docs/messages/next-image-unconfigured-qualities @ http://localhost:3000/_next/static/chunks/node_modules_next_dist_1ybzpk2._.js:2477
[ 3026782ms] [WARNING] Image with src "/logos/logo-poziome.png" has either width or height modified, but not the other. If you use CSS to change the size of your image, also include the styles 'width: "auto"' or 'height: "auto"' to maintain the aspect ratio. @ http://localhost:3000/_next/static/chunks/node_modules_next_dist_1ybzpk2._.js:2477
[ 3125224ms] [LOG] [Fast Refresh] rebuilding @ http://localhost:3000/_next/static/chunks/node_modules_next_dist_1ybzpk2._.js:2477
[ 3126049ms] [LOG] [Fast Refresh] done in 918ms @ http://localhost:3000/_next/static/chunks/node_modules_next_dist_1ybzpk2._.js:2477
[ 3126294ms] [LOG] [Fast Refresh] rebuilding @ http://localhost:3000/_next/static/chunks/node_modules_next_dist_1ybzpk2._.js:2477
[ 3126304ms] [LOG] [Fast Refresh] done in 244ms @ http://localhost:3000/_next/static/chunks/node_modules_next_dist_1ybzpk2._.js:2477
[ 3126410ms] [LOG] [Fast Refresh] rebuilding @ http://localhost:3000/_next/static/chunks/node_modules_next_dist_1ybzpk2._.js:2477
[ 3126659ms] [LOG] [Fast Refresh] done in 351ms @ http://localhost:3000/_next/static/chunks/node_modules_next_dist_1ybzpk2._.js:2477
[ 3126876ms] [LOG] [Fast Refresh] rebuilding @ http://localhost:3000/_next/static/chunks/node_modules_next_dist_1ybzpk2._.js:2477
[ 3127353ms] [LOG] [Fast Refresh] done in 589ms @ http://localhost:3000/_next/static/chunks/node_modules_next_dist_1ybzpk2._.js:2477
[ 3358105ms] [WARNING] Image with src "/logos/logo-poziome.png" was detected as the Largest Contentful Paint (LCP). Please add the `loading="eager"` property if this image is above the fold.
Read more: https://nextjs.org/docs/app/api-reference/components/image#loading @ http://localhost:3000/_next/static/chunks/node_modules_next_dist_1ybzpk2._.js:2477
[ 3721869ms] [LOG] [Fast Refresh] rebuilding @ http://localhost:3000/_next/static/chunks/node_modules_next_dist_1ybzpk2._.js:2477
[ 3722384ms] [LOG] [Fast Refresh] done in 579ms @ http://localhost:3000/_next/static/chunks/node_modules_next_dist_1ybzpk2._.js:2477
[ 3722604ms] [LOG] [Fast Refresh] rebuilding @ http://localhost:3000/_next/static/chunks/node_modules_next_dist_1ybzpk2._.js:2477
[ 3724317ms] [LOG] [Fast Refresh] done in 1814ms @ http://localhost:3000/_next/static/chunks/node_modules_next_dist_1ybzpk2._.js:2477
[ 3724448ms] [LOG] [Fast Refresh] rebuilding @ http://localhost:3000/_next/static/chunks/node_modules_next_dist_1ybzpk2._.js:2477
[ 3724604ms] [LOG] [Fast Refresh] done in 256ms @ http://localhost:3000/_next/static/chunks/node_modules_next_dist_1ybzpk2._.js:2477
[ 3728646ms] [LOG] [Fast Refresh] rebuilding @ http://localhost:3000/_next/static/chunks/node_modules_next_dist_1ybzpk2._.js:2477
[ 3728776ms] [LOG] [Fast Refresh] done in 62ms @ http://localhost:3000/_next/static/chunks/node_modules_next_dist_1ybzpk2._.js:2477
[ 3734175ms] [LOG] [Fast Refresh] rebuilding @ http://localhost:3000/_next/static/chunks/node_modules_next_dist_1ybzpk2._.js:2477
[ 3734306ms] [LOG] [Fast Refresh] done in 85ms @ http://localhost:3000/_next/static/chunks/node_modules_next_dist_1ybzpk2._.js:2477
[ 3750621ms] [LOG] [Fast Refresh] rebuilding @ http://localhost:3000/_next/static/chunks/node_modules_next_dist_1ybzpk2._.js:2477
[ 3750791ms] [LOG] [Fast Refresh] done in 60ms @ http://localhost:3000/_next/static/chunks/node_modules_next_dist_1ybzpk2._.js:2477
[ 4215300ms] [LOG] [Fast Refresh] rebuilding @ http://localhost:3000/_next/static/chunks/node_modules_next_dist_1ybzpk2._.js:2477
[ 4215615ms] [LOG] [Fast Refresh] done in 139ms @ http://localhost:3000/_next/static/chunks/node_modules_next_dist_1ybzpk2._.js:2477
[ 4215843ms] [LOG] [Fast Refresh] rebuilding @ http://localhost:3000/_next/static/chunks/node_modules_next_dist_1ybzpk2._.js:2477
[ 4215961ms] [LOG] [Fast Refresh] done in 224ms @ http://localhost:3000/_next/static/chunks/node_modules_next_dist_1ybzpk2._.js:2477
[ 5126965ms] [LOG] [Fast Refresh] rebuilding @ http://localhost:3000/_next/static/chunks/node_modules_next_dist_1ybzpk2._.js:2477
[ 5128322ms] [LOG] [Fast Refresh] done in 1466ms @ http://localhost:3000/_next/static/chunks/node_modules_next_dist_1ybzpk2._.js:2477
[ 5129198ms] [LOG] [Fast Refresh] rebuilding @ http://localhost:3000/_next/static/chunks/node_modules_next_dist_1ybzpk2._.js:2477
[ 5129216ms] [LOG] [Fast Refresh] done in 133ms @ http://localhost:3000/_next/static/chunks/node_modules_next_dist_1ybzpk2._.js:2477
[ 5129493ms] [LOG] [Fast Refresh] rebuilding @ http://localhost:3000/_next/static/chunks/node_modules_next_dist_1ybzpk2._.js:2477
[ 5129771ms] [LOG] [Fast Refresh] done in 381ms @ http://localhost:3000/_next/static/chunks/node_modules_next_dist_1ybzpk2._.js:2477
[ 5280882ms] [LOG] [Fast Refresh] rebuilding @ http://localhost:3000/_next/static/chunks/node_modules_next_dist_1ybzpk2._.js:2477
[ 5281029ms] [LOG] [Fast Refresh] done in 153ms @ http://localhost:3000/_next/static/chunks/node_modules_next_dist_1ybzpk2._.js:2477
[ 5284538ms] [LOG] [Fast Refresh] rebuilding @ http://localhost:3000/_next/static/chunks/node_modules_next_dist_1ybzpk2._.js:2477
[ 5285093ms] [LOG] [Fast Refresh] done in 668ms @ http://localhost:3000/_next/static/chunks/node_modules_next_dist_1ybzpk2._.js:2477
[ 5416354ms] [LOG] [Fast Refresh] rebuilding @ http://localhost:3000/_next/static/chunks/node_modules_next_dist_1ybzpk2._.js:2477
[ 5416501ms] [LOG] [Fast Refresh] done in 63ms @ http://localhost:3000/_next/static/chunks/node_modules_next_dist_1ybzpk2._.js:2477
[ 5416692ms] [LOG] [Fast Refresh] rebuilding @ http://localhost:3000/_next/static/chunks/node_modules_next_dist_1ybzpk2._.js:2477
[ 5416772ms] [LOG] [Fast Refresh] done in 186ms @ http://localhost:3000/_next/static/chunks/node_modules_next_dist_1ybzpk2._.js:2477
[ 5416805ms] [ERROR] Failed to load resource: the server responded with a status of 404 (Not Found) @ http://localhost:3000/zawad-lenkoronska/domek1.webp:0
[ 5416813ms] [ERROR] Failed to load resource: the server responded with a status of 404 (Not Found) @ http://localhost:3000/zawad-lenkoronska/domek2.webp:0
[ 5484601ms] [LOG] [Fast Refresh] rebuilding @ http://localhost:3000/_next/static/chunks/node_modules_next_dist_1ybzpk2._.js:2477
[ 5484704ms] [LOG] [Fast Refresh] done in 58ms @ http://localhost:3000/_next/static/chunks/node_modules_next_dist_1ybzpk2._.js:2477
[ 5511660ms] [LOG] [Fast Refresh] rebuilding @ http://localhost:3000/_next/static/chunks/node_modules_next_dist_1ybzpk2._.js:2477
[ 5511800ms] [LOG] [Fast Refresh] done in 70ms @ http://localhost:3000/_next/static/chunks/node_modules_next_dist_1ybzpk2._.js:2477
[ 5894690ms] [LOG] [Fast Refresh] rebuilding @ http://localhost:3000/_next/static/chunks/node_modules_next_dist_1ybzpk2._.js:2477
[ 5895022ms] [LOG] [Fast Refresh] done in 444ms @ http://localhost:3000/_next/static/chunks/node_modules_next_dist_1ybzpk2._.js:2477
[ 6280707ms] [LOG] [Fast Refresh] rebuilding @ http://localhost:3000/_next/static/chunks/node_modules_next_dist_1ybzpk2._.js:2477
[ 6281921ms] [LOG] [Fast Refresh] done in 1313ms @ http://localhost:3000/_next/static/chunks/node_modules_next_dist_1ybzpk2._.js:2477
[ 6282281ms] [LOG] [Fast Refresh] rebuilding @ http://localhost:3000/_next/static/chunks/node_modules_next_dist_1ybzpk2._.js:2477
[ 6282300ms] [LOG] [Fast Refresh] done in 267ms @ http://localhost:3000/_next/static/chunks/node_modules_next_dist_1ybzpk2._.js:2477
[ 6338450ms] [LOG] [Fast Refresh] rebuilding @ http://localhost:3000/_next/static/chunks/node_modules_next_dist_1ybzpk2._.js:2477
[ 6338908ms] [LOG] [Fast Refresh] done in 559ms @ http://localhost:3000/_next/static/chunks/node_modules_next_dist_1ybzpk2._.js:2477
[ 7011686ms] [LOG] [HMR] connected @ http://localhost:3000/_next/static/chunks/node_modules_next_dist_1ybzpk2._.js:2477
[ 7011853ms] [LOG] [Fast Refresh] rebuilding @ http://localhost:3000/_next/static/chunks/node_modules_next_dist_1ybzpk2._.js:2477
[ 7011917ms] [LOG] [Fast Refresh] done in 166ms @ http://localhost:3000/_next/static/chunks/node_modules_next_dist_1ybzpk2._.js:2477
[ 9748048ms] [LOG] [HMR] connected @ http://localhost:3000/_next/static/chunks/node_modules_next_dist_1ybzpk2._.js:2477
[ 9748247ms] [LOG] [Fast Refresh] rebuilding @ http://localhost:3000/_next/static/chunks/node_modules_next_dist_1ybzpk2._.js:2477
[ 9748261ms] [LOG] [Fast Refresh] done in 126ms @ http://localhost:3000/_next/static/chunks/node_modules_next_dist_1ybzpk2._.js:2477
