[    3309ms] [INFO] %cDownload the React DevTools for a better development experience: https://react.dev/link/react-devtools font-weight:bold @ http://localhost:3000/_next/static/chunks/node_modules_next_dist_1ybzpk2._.js:2477
[    3408ms] [LOG] [HMR] connected @ http://localhost:3000/_next/static/chunks/node_modules_next_dist_1ybzpk2._.js:2477
[    3517ms] [WARNING] Image with src "/logos/logo-poziome.png" was detected as the Largest Contentful Paint (LCP). Please add the `loading="eager"` property if this image is above the fold.
Read more: https://nextjs.org/docs/app/api-reference/components/image#loading @ http://localhost:3000/_next/static/chunks/node_modules_next_dist_1ybzpk2._.js:2477
[    3529ms] [WARNING] Image with src "/drewniany-nad-dolina-dunajca/domek-front-dzien.webp" is using quality "90" which is not configured in images.qualities [75]. Please update your config to [75, 90].
Read more: https://nextjs.org/docs/messages/next-image-unconfigured-qualities @ http://localhost:3000/_next/static/chunks/node_modules_next_dist_1ybzpk2._.js:2477
[    3603ms] [WARNING] Image with src "/drewniany-nad-dolina-dunajca/domek-front-dzien.webp" is using quality "70" which is not configured in images.qualities [75]. Please update your config to [70, 75].
Read more: https://nextjs.org/docs/messages/next-image-unconfigured-qualities @ http://localhost:3000/_next/static/chunks/node_modules_next_dist_1ybzpk2._.js:2477
[    3604ms] [WARNING] Image with src "/drewniany-nad-dolina-dunajca/domek-ukos-dzien.webp" is using quality "70" which is not configured in images.qualities [75]. Please update your config to [70, 75].
Read more: https://nextjs.org/docs/messages/next-image-unconfigured-qualities @ http://localhost:3000/_next/static/chunks/node_modules_next_dist_1ybzpk2._.js:2477
[    3605ms] [WARNING] Image with src "/drewniany-nad-dolina-dunajca/domek-bok-dzien.webp" is using quality "70" which is not configured in images.qualities [75]. Please update your config to [70, 75].
Read more: https://nextjs.org/docs/messages/next-image-unconfigured-qualities @ http://localhost:3000/_next/static/chunks/node_modules_next_dist_1ybzpk2._.js:2477
[    3606ms] [WARNING] Image with src "/drewniany-nad-dolina-dunajca/domek-daleko-dzien.webp" is using quality "70" which is not configured in images.qualities [75]. Please update your config to [70, 75].
Read more: https://nextjs.org/docs/messages/next-image-unconfigured-qualities @ http://localhost:3000/_next/static/chunks/node_modules_next_dist_1ybzpk2._.js:2477
[    3607ms] [WARNING] Image with src "/drewniany-nad-dolina-dunajca/e6201786-1d92-4bdf-bfe5-a1aaae7703db.webp" is using quality "70" which is not configured in images.qualities [75]. Please update your config to [70, 75].
Read more: https://nextjs.org/docs/messages/next-image-unconfigured-qualities @ http://localhost:3000/_next/static/chunks/node_modules_next_dist_1ybzpk2._.js:2477
[    3607ms] [WARNING] Image with src "/drewniany-nad-dolina-dunajca/taras-dzien.webp" is using quality "70" which is not configured in images.qualities [75]. Please update your config to [70, 75].
Read more: https://nextjs.org/docs/messages/next-image-unconfigured-qualities @ http://localhost:3000/_next/static/chunks/node_modules_next_dist_1ybzpk2._.js:2477
[    3608ms] [WARNING] Image with src "/drewniany-nad-dolina-dunajca/taras-kwiaty-dzien.webp" is using quality "70" which is not configured in images.qualities [75]. Please update your config to [70, 75].
Read more: https://nextjs.org/docs/messages/next-image-unconfigured-qualities @ http://localhost:3000/_next/static/chunks/node_modules_next_dist_1ybzpk2._.js:2477
[    3609ms] [WARNING] Image with src "/drewniany-nad-dolina-dunajca/altana-dzien.webp" is using quality "70" which is not configured in images.qualities [75]. Please update your config to [70, 75].
Read more: https://nextjs.org/docs/messages/next-image-unconfigured-qualities @ http://localhost:3000/_next/static/chunks/node_modules_next_dist_1ybzpk2._.js:2477
[    3609ms] [WARNING] Image with src "/drewniany-nad-dolina-dunajca/jacuzzi1.webp" is using quality "70" which is not configured in images.qualities [75]. Please update your config to [70, 75].
Read more: https://nextjs.org/docs/messages/next-image-unconfigured-qualities @ http://localhost:3000/_next/static/chunks/node_modules_next_dist_1ybzpk2._.js:2477
[    3610ms] [WARNING] Image with src "/drewniany-nad-dolina-dunajca/jacuzzi2.webp" is using quality "70" which is not configured in images.qualities [75]. Please update your config to [70, 75].
Read more: https://nextjs.org/docs/messages/next-image-unconfigured-qualities @ http://localhost:3000/_next/static/chunks/node_modules_next_dist_1ybzpk2._.js:2477
[    3610ms] [WARNING] Image with src "/drewniany-nad-dolina-dunajca/salon1.webp" is using quality "70" which is not configured in images.qualities [75]. Please update your config to [70, 75].
Read more: https://nextjs.org/docs/messages/next-image-unconfigured-qualities @ http://localhost:3000/_next/static/chunks/node_modules_next_dist_1ybzpk2._.js:2477
[    3611ms] [WARNING] Image with src "/drewniany-nad-dolina-dunajca/salon2.webp" is using quality "70" which is not configured in images.qualities [75]. Please update your config to [70, 75].
Read more: https://nextjs.org/docs/messages/next-image-unconfigured-qualities @ http://localhost:3000/_next/static/chunks/node_modules_next_dist_1ybzpk2._.js:2477
[    3612ms] [WARNING] Image with src "/drewniany-nad-dolina-dunajca/salon3.webp" is using quality "70" which is not configured in images.qualities [75]. Please update your config to [70, 75].
Read more: https://nextjs.org/docs/messages/next-image-unconfigured-qualities @ http://localhost:3000/_next/static/chunks/node_modules_next_dist_1ybzpk2._.js:2477
[    3612ms] [WARNING] Image with src "/drewniany-nad-dolina-dunajca/salon-schody.webp" is using quality "70" which is not configured in images.qualities [75]. Please update your config to [70, 75].
Read more: https://nextjs.org/docs/messages/next-image-unconfigured-qualities @ http://localhost:3000/_next/static/chunks/node_modules_next_dist_1ybzpk2._.js:2477
[    3613ms] [WARNING] Image with src "/drewniany-nad-dolina-dunajca/kuchnia.webp" is using quality "70" which is not configured in images.qualities [75]. Please update your config to [70, 75].
Read more: https://nextjs.org/docs/messages/next-image-unconfigured-qualities @ http://localhost:3000/_next/static/chunks/node_modules_next_dist_1ybzpk2._.js:2477
[    3613ms] [WARNING] Image with src "/drewniany-nad-dolina-dunajca/kuchnia2.webp" is using quality "70" which is not configured in images.qualities [75]. Please update your config to [70, 75].
Read more: https://nextjs.org/docs/messages/next-image-unconfigured-qualities @ http://localhost:3000/_next/static/chunks/node_modules_next_dist_1ybzpk2._.js:2477
[    3614ms] [WARNING] Image with src "/drewniany-nad-dolina-dunajca/sypialnia1.webp" is using quality "70" which is not configured in images.qualities [75]. Please update your config to [70, 75].
Read more: https://nextjs.org/docs/messages/next-image-unconfigured-qualities @ http://localhost:3000/_next/static/chunks/node_modules_next_dist_1ybzpk2._.js:2477
[    3615ms] [WARNING] Image with src "/drewniany-nad-dolina-dunajca/sypialnia2.webp" is using quality "70" which is not configured in images.qualities [75]. Please update your config to [70, 75].
Read more: https://nextjs.org/docs/messages/next-image-unconfigured-qualities @ http://localhost:3000/_next/static/chunks/node_modules_next_dist_1ybzpk2._.js:2477
[    3616ms] [WARNING] Image with src "/drewniany-nad-dolina-dunajca/sypialnia3.webp" is using quality "70" which is not configured in images.qualities [75]. Please update your config to [70, 75].
Read more: https://nextjs.org/docs/messages/next-image-unconfigured-qualities @ http://localhost:3000/_next/static/chunks/node_modules_next_dist_1ybzpk2._.js:2477
[    3616ms] [WARNING] Image with src "/drewniany-nad-dolina-dunajca/sypialnia4.webp" is using quality "70" which is not configured in images.qualities [75]. Please update your config to [70, 75].
Read more: https://nextjs.org/docs/messages/next-image-unconfigured-qualities @ http://localhost:3000/_next/static/chunks/node_modules_next_dist_1ybzpk2._.js:2477
[    3617ms] [WARNING] Image with src "/drewniany-nad-dolina-dunajca/taras-noc.webp" is using quality "70" which is not configured in images.qualities [75]. Please update your config to [70, 75].
Read more: https://nextjs.org/docs/messages/next-image-unconfigured-qualities @ http://localhost:3000/_next/static/chunks/node_modules_next_dist_1ybzpk2._.js:2477
[    3618ms] [WARNING] Image with src "/drewniany-nad-dolina-dunajca/jacuzzi-noc1.webp" is using quality "70" which is not configured in images.qualities [75]. Please update your config to [70, 75].
Read more: https://nextjs.org/docs/messages/next-image-unconfigured-qualities @ http://localhost:3000/_next/static/chunks/node_modules_next_dist_1ybzpk2._.js:2477
[    3618ms] [WARNING] Image with src "/drewniany-nad-dolina-dunajca/jacuzzi-noc2.webp" is using quality "70" which is not configured in images.qualities [75]. Please update your config to [70, 75].
Read more: https://nextjs.org/docs/messages/next-image-unconfigured-qualities @ http://localhost:3000/_next/static/chunks/node_modules_next_dist_1ybzpk2._.js:2477
[    3619ms] [WARNING] Image with src "/drewniany-nad-dolina-dunajca/domek-front-noc.webp" is using quality "70" which is not configured in images.qualities [75]. Please update your config to [70, 75].
Read more: https://nextjs.org/docs/messages/next-image-unconfigured-qualities @ http://localhost:3000/_next/static/chunks/node_modules_next_dist_1ybzpk2._.js:2477
[    3620ms] [WARNING] Image with src "/drewniany-nad-dolina-dunajca/domek-bok-noc.webp" is using quality "70" which is not configured in images.qualities [75]. Please update your config to [70, 75].
Read more: https://nextjs.org/docs/messages/next-image-unconfigured-qualities @ http://localhost:3000/_next/static/chunks/node_modules_next_dist_1ybzpk2._.js:2477
[    3621ms] [WARNING] Image with src "/drewniany-nad-dolina-dunajca/domek-ukos-noc.webp" is using quality "70" which is not configured in images.qualities [75]. Please update your config to [70, 75].
Read more: https://nextjs.org/docs/messages/next-image-unconfigured-qualities @ http://localhost:3000/_next/static/chunks/node_modules_next_dist_1ybzpk2._.js:2477
[    3622ms] [WARNING] Image with src "/drewniany-nad-dolina-dunajca/domek-wiosna.webp" is using quality "70" which is not configured in images.qualities [75]. Please update your config to [70, 75].
Read more: https://nextjs.org/docs/messages/next-image-unconfigured-qualities @ http://localhost:3000/_next/static/chunks/node_modules_next_dist_1ybzpk2._.js:2477
[    3624ms] [WARNING] Image with src "/drewniany-nad-dolina-dunajca/domek-bok-zima.webp" is using quality "70" which is not configured in images.qualities [75]. Please update your config to [70, 75].
Read more: https://nextjs.org/docs/messages/next-image-unconfigured-qualities @ http://localhost:3000/_next/static/chunks/node_modules_next_dist_1ybzpk2._.js:2477
[    3625ms] [WARNING] Image with src "/drewniany-nad-dolina-dunajca/domek-ukos-zima.webp" is using quality "70" which is not configured in images.qualities [75]. Please update your config to [70, 75].
Read more: https://nextjs.org/docs/messages/next-image-unconfigured-qualities @ http://localhost:3000/_next/static/chunks/node_modules_next_dist_1ybzpk2._.js:2477
[    3626ms] [WARNING] Image with src "/drewniany-nad-dolina-dunajca/domek-zima-daleko.webp" is using quality "70" which is not configured in images.qualities [75]. Please update your config to [70, 75].
Read more: https://nextjs.org/docs/messages/next-image-unconfigured-qualities @ http://localhost:3000/_next/static/chunks/node_modules_next_dist_1ybzpk2._.js:2477
[    3659ms] [WARNING] Image with src "/logos/logo-poziome.png" has either width or height modified, but not the other. If you use CSS to change the size of your image, also include the styles 'width: "auto"' or 'height: "auto"' to maintain the aspect ratio. @ http://localhost:3000/_next/static/chunks/node_modules_next_dist_1ybzpk2._.js:2477
[  192908ms] [LOG] [Fast Refresh] rebuilding @ http://localhost:3000/_next/static/chunks/node_modules_next_dist_1ybzpk2._.js:2477
[  193010ms] [LOG] [Fast Refresh] done in 208ms @ http://localhost:3000/_next/static/chunks/node_modules_next_dist_1ybzpk2._.js:2477
[  194091ms] [LOG] [Fast Refresh] rebuilding @ http://localhost:3000/_next/static/chunks/node_modules_next_dist_1ybzpk2._.js:2477
[  194141ms] [LOG] [Fast Refresh] done in 156ms @ http://localhost:3000/_next/static/chunks/node_modules_next_dist_1ybzpk2._.js:2477
[  220681ms] [LOG] [Fast Refresh] rebuilding @ http://localhost:3000/_next/static/chunks/node_modules_next_dist_1ybzpk2._.js:2477
[  220753ms] [LOG] [Fast Refresh] done in 176ms @ http://localhost:3000/_next/static/chunks/node_modules_next_dist_1ybzpk2._.js:2477
[  224130ms] [LOG] [Fast Refresh] rebuilding @ http://localhost:3000/_next/static/chunks/node_modules_next_dist_1ybzpk2._.js:2477
[  224194ms] [LOG] [Fast Refresh] done in 168ms @ http://localhost:3000/_next/static/chunks/node_modules_next_dist_1ybzpk2._.js:2477
[  495639ms] [LOG] [Fast Refresh] rebuilding @ http://localhost:3000/_next/static/chunks/node_modules_next_dist_1ybzpk2._.js:2477
[  495851ms] [LOG] [Fast Refresh] done in 244ms @ http://localhost:3000/_next/static/chunks/node_modules_next_dist_1ybzpk2._.js:2477
[  496035ms] [LOG] [Fast Refresh] rebuilding @ http://localhost:3000/_next/static/chunks/node_modules_next_dist_1ybzpk2._.js:2477
[  496254ms] [LOG] [Fast Refresh] done in 327ms @ http://localhost:3000/_next/static/chunks/node_modules_next_dist_1ybzpk2._.js:2477
[  509233ms] [LOG] [Fast Refresh] rebuilding @ http://localhost:3000/_next/static/chunks/node_modules_next_dist_1ybzpk2._.js:2477
[  509245ms] [LOG] [Fast Refresh] done in 123ms @ http://localhost:3000/_next/static/chunks/node_modules_next_dist_1ybzpk2._.js:2477
[  509355ms] [LOG] [Fast Refresh] rebuilding @ http://localhost:3000/_next/static/chunks/node_modules_next_dist_1ybzpk2._.js:2477
[  509509ms] [LOG] [Fast Refresh] done in 262ms @ http://localhost:3000/_next/static/chunks/node_modules_next_dist_1ybzpk2._.js:2477
[  530701ms] [LOG] [Fast Refresh] rebuilding @ http://localhost:3000/_next/static/chunks/node_modules_next_dist_1ybzpk2._.js:2477
[  530868ms] [LOG] [Fast Refresh] done in 273ms @ http://localhost:3000/_next/static/chunks/node_modules_next_dist_1ybzpk2._.js:2477
[  530991ms] [LOG] [Fast Refresh] rebuilding @ http://localhost:3000/_next/static/chunks/node_modules_next_dist_1ybzpk2._.js:2477
[  531188ms] [LOG] [Fast Refresh] done in 301ms @ http://localhost:3000/_next/static/chunks/node_modules_next_dist_1ybzpk2._.js:2477
[  662466ms] [LOG] [Fast Refresh] rebuilding @ http://localhost:3000/_next/static/chunks/node_modules_next_dist_1ybzpk2._.js:2477
[  662700ms] [LOG] [Fast Refresh] done in 340ms @ http://localhost:3000/_next/static/chunks/node_modules_next_dist_1ybzpk2._.js:2477
